C:\Users\Ice\Documents\Visual Studio 2013\Projects\network\Debug\network.exe b 
=========================================================================
                          Station B                                 
-------------------------------------------------------------------------
Protocol.lib, version 3.0, Build: Oct 19 2009 (jiangy@public3.bta.net.cn)
Channel: 8000 bps, 270 ms propagation delay, bit error rate 1.0E-005
Log file "C:\Users\Ice\Documents\Visual Studio 2013\Projects\network\Debug\network-B.log", TCP port 59144, debug mask 0x00
Station B is connecting station A (TCP port 59144) ... Done.
New epoch: Wed May 04 23:22:27 2016
=========================================================================
2.583 .... 8 packets received, 7717 bps, 96.47%, Err 0 (0.0e+000)
4.670 .... 16 packets received, 7783 bps, 97.29%, Err 0 (0.0e+000)
6.795 .... 24 packets received, 7759 bps, 96.99%, Err 0 (0.0e+000)
8.936 .... 32 packets received, 7732 bps, 96.65%, Err 0 (0.0e+000)
11.037 .... 40 packets received, 7745 bps, 96.81%, Err 0 (0.0e+000)
13.146 .... 48 packets received, 7749 bps, 96.86%, Err 0 (0.0e+000)
15.240 .... 56 packets received, 7760 bps, 97.00%, Err 0 (0.0e+000)
17.349 .... 64 packets received, 7761 bps, 97.01%, Err 0 (0.0e+000)
19.459 .... 72 packets received, 7761 bps, 97.02%, Err 1 (6.5e-006)
21.834 .... 75 packets received, 7186 bps, 89.83%, Err 2 (1.2e-005)
24.039 .... 85 packets received, 7383 bps, 92.29%, Err 2 (1.1e-005)
26.132 .... 93 packets received, 7419 bps, 92.74%, Err 2 (1.0e-005)
28.548 .... 96 packets received, 7000 bps, 87.50%, Err 3 (1.4e-005)
30.679 .... 106 packets received, 7184 bps, 89.80%, Err 3 (1.3e-005)
34.367 .... 113 packets received, 6825 bps, 85.32%, Err 5 (1.9e-005)
36.398 .... 121 packets received, 6895 bps, 86.19%, Err 5 (1.9e-005)
38.523 .... 129 packets received, 6941 bps, 86.76%, Err 5 (1.8e-005)
40.398 ** WARNING: System too busy, sleep 15 ms, but be awakened 78 ms later
40.883 .... 137 packets received, 6941 bps, 86.76%, Err 5 (1.7e-005)
44.039 .... 143 packets received, 6720 bps, 84.00%, Err 6 (1.8e-005)
46.289 .... 153 packets received, 6837 bps, 85.47%, Err 6 (1.8e-005)
48.399 .... 161 packets received, 6878 bps, 85.98%, Err 6 (1.7e-005)
50.491 .... 169 packets received, 6918 bps, 86.47%, Err 6 (1.6e-005)
52.616 .... 177 packets received, 6950 bps, 86.88%, Err 7 (1.8e-005)
54.725 .... 185 packets received, 6982 bps, 87.28%, Err 7 (1.7e-005)
56.835 .... 193 packets received, 7011 bps, 87.64%, Err 7 (1.7e-005)
58.959 .... 201 packets received, 7037 bps, 87.96%, Err 7 (1.6e-005)
61.068 .... 209 packets received, 7062 bps, 88.28%, Err 7 (1.5e-005)
63.178 .... 217 packets received, 7086 bps, 88.57%, Err 7 (1.5e-005)
65.287 .... 225 packets received, 7108 bps, 88.85%, Err 7 (1.4e-005)
67.392 .... 233 packets received, 7129 bps, 89.12%, Err 7 (1.4e-005)
69.784 .... 236 packets received, 6972 bps, 87.15%, Err 8 (1.5e-005)
71.924 .... 245 packets received, 7021 bps, 87.76%, Err 8 (1.5e-005)
74.018 .... 253 packets received, 7044 bps, 88.05%, Err 8 (1.5e-005)
76.143 .... 261 packets received, 7063 bps, 88.28%, Err 8 (1.4e-005)
78.518 .... 263 packets received, 6900 bps, 86.25%, Err 10 (1.7e-005)
80.675 .... 272 packets received, 6945 bps, 86.81%, Err 10 (1.7e-005)
82.784 .... 280 packets received, 6966 bps, 87.07%, Err 10 (1.6e-005)
84.878 .... 288 packets received, 6987 bps, 87.34%, Err 10 (1.6e-005)
87.003 .... 296 packets received, 7005 bps, 87.56%, Err 10 (1.6e-005)
89.128 .... 304 packets received, 7022 bps, 87.77%, Err 10 (1.5e-005)
91.222 .... 312 packets received, 7040 bps, 88.00%, Err 10 (1.5e-005)
93.325 .... 320 packets received, 7057 bps, 88.21%, Err 10 (1.4e-005)
95.449 .... 328 packets received, 7072 bps, 88.40%, Err 10 (1.4e-005)
97.574 .... 336 packets received, 7086 bps, 88.57%, Err 10 (1.4e-005)
99.668 .... 344 packets received, 7101 bps, 88.77%, Err 10 (1.3e-005)
101.770 .... 352 packets received, 7116 bps, 88.95%, Err 10 (1.3e-005)
103.895 .... 360 packets received, 7128 bps, 89.10%, Err 10 (1.3e-005)
106.005 .... 368 packets received, 7141 bps, 89.26%, Err 10 (1.3e-005)
108.114 .... 376 packets received, 7153 bps, 89.41%, Err 10 (1.2e-005)
110.224 .... 384 packets received, 7165 bps, 89.56%, Err 10 (1.2e-005)
112.364 .... 392 packets received, 7174 bps, 89.68%, Err 10 (1.2e-005)
114.458 .... 400 packets received, 7186 bps, 89.83%, Err 10 (1.2e-005)
116.568 .... 408 packets received, 7197 bps, 89.96%, Err 10 (1.1e-005)
120.888 .... 412 packets received, 7006 bps, 87.58%, Err 11 (1.2e-005)
123.107 .... 424 packets received, 7080 bps, 88.50%, Err 11 (1.2e-005)
125.216 .... 432 packets received, 7092 bps, 88.65%, Err 11 (1.2e-005)
127.326 .... 440 packets received, 7103 bps, 88.79%, Err 11 (1.2e-005)
129.442 .... 448 packets received, 7113 bps, 88.92%, Err 11 (1.1e-005)
131.552 .... 456 packets received, 7124 bps, 89.05%, Err 11 (1.1e-005)
133.661 .... 464 packets received, 7134 bps, 89.18%, Err 11 (1.1e-005)
135.771 .... 472 packets received, 7144 bps, 89.30%, Err 11 (1.1e-005)
137.896 .... 480 packets received, 7153 bps, 89.41%, Err 11 (1.1e-005)
140.005 .... 488 packets received, 7162 bps, 89.53%, Err 11 (1.0e-005)
142.115 .... 496 packets received, 7171 bps, 89.64%, Err 11 (1.0e-005)
144.224 .... 504 packets received, 7180 bps, 89.75%, Err 11 (1.0e-005)
146.334 .... 512 packets received, 7188 bps, 89.85%, Err 11 (1.0e-005)
148.443 .... 520 packets received, 7197 bps, 89.96%, Err 11 (9.8e-006)
150.568 .... 528 packets received, 7204 bps, 90.05%, Err 11 (9.7e-006)
152.678 .... 536 packets received, 7212 bps, 90.14%, Err 11 (9.5e-006)
156.749 .... 539 packets received, 7063 bps, 88.29%, Err 12 (1.0e-005)
158.874 .... 549 packets received, 7098 bps, 88.72%, Err 12 (1.0e-005)
160.984 .... 557 packets received, 7106 bps, 88.83%, Err 12 (1.0e-005)
165.062 .... 560 packets received, 6968 bps, 87.09%, Err 13 (1.1e-005)
167.125 .... 570 packets received, 7004 bps, 87.55%, Err 13 (1.1e-005)
169.234 .... 578 packets received, 7014 bps, 87.67%, Err 13 (1.0e-005)
171.344 .... 586 packets received, 7023 bps, 87.79%, Err 13 (1.0e-005)
173.469 .... 594 packets received, 7031 bps, 87.89%, Err 13 (1.0e-005)
176.625 .... 600 packets received, 6975 bps, 87.19%, Err 14 (1.1e-005)
178.797 .... 610 packets received, 7005 bps, 87.56%, Err 14 (1.1e-005)
180.907 .... 618 packets received, 7014 bps, 87.68%, Err 14 (1.0e-005)
184.719 .... 620 packets received, 6891 bps, 86.14%, Err 15 (1.1e-005)
186.922 .... 630 packets received, 6920 bps, 86.49%, Err 15 (1.1e-005)
189.032 .... 638 packets received, 6929 bps, 86.61%, Err 15 (1.1e-005)
191.141 .... 646 packets received, 6938 bps, 86.73%, Err 15 (1.1e-005)
193.267 .... 654 packets received, 6947 bps, 86.84%, Err 15 (1.1e-005)
195.376 .... 662 packets received, 6956 bps, 86.95%, Err 15 (1.0e-005)
197.485 .... 670 packets received, 6964 bps, 87.05%, Err 15 (1.0e-005)
199.595 .... 678 packets received, 6973 bps, 87.16%, Err 15 (1.0e-005)
201.704 .... 686 packets received, 6981 bps, 87.27%, Err 15 (1.0e-005)
203.814 .... 694 packets received, 6989 bps, 87.37%, Err 15 (1.0e-005)
205.939 .... 702 packets received, 6997 bps, 87.46%, Err 15 (9.9e-006)
208.048 .... 710 packets received, 7005 bps, 87.56%, Err 15 (9.8e-006)
210.158 .... 718 packets received, 7012 bps, 87.65%, Err 16 (1.0e-005)
213.692 .... 719 packets received, 6906 bps, 86.32%, Err 16 (1.0e-005)
215.958 .... 729 packets received, 6928 bps, 86.60%, Err 16 (1.0e-005)
218.098 .... 737 packets received, 6935 bps, 86.69%, Err 16 (1.0e-005)
220.208 .... 745 packets received, 6943 bps, 86.79%, Err 17 (1.1e-005)
222.302 .... 753 packets received, 6952 bps, 86.89%, Err 17 (1.0e-005)
226.271 .... 761 packets received, 6902 bps, 86.27%, Err 18 (1.1e-005)
228.411 .... 771 packets received, 6927 bps, 86.59%, Err 18 (1.1e-005)
230.552 .... 779 packets received, 6934 bps, 86.67%, Err 18 (1.1e-005)
232.661 .... 787 packets received, 6941 bps, 86.77%, Err 18 (1.1e-005)
234.755 .... 795 packets received, 6949 bps, 86.86%, Err 18 (1.0e-005)
236.896 .... 803 packets received, 6956 bps, 86.94%, Err 18 (1.0e-005)
238.990 .... 811 packets received, 6963 bps, 87.04%, Err 18 (1.0e-005)
241.099 .... 819 packets received, 6970 bps, 87.13%, Err 19 (1.1e-005)
244.646 .... 820 packets received, 6877 bps, 85.97%, Err 19 (1.1e-005)
246.647 .... 829 packets received, 6896 bps, 86.20%, Err 19 (1.1e-005)
248.881 .... 837 packets received, 6900 bps, 86.25%, Err 19 (1.1e-005)
251.006 .... 845 packets received, 6907 bps, 86.34%, Err 19 (1.0e-005)
254.163 .... 851 packets received, 6870 bps, 85.87%, Err 20 (1.1e-005)
256.303 .... 861 packets received, 6892 bps, 86.15%, Err 20 (1.1e-005)
258.428 .... 869 packets received, 6899 bps, 86.24%, Err 20 (1.1e-005)
260.522 .... 877 packets received, 6906 bps, 86.33%, Err 20 (1.1e-005)
262.663 .... 885 packets received, 6913 bps, 86.41%, Err 20 (1.0e-005)
264.757 .... 893 packets received, 6920 bps, 86.50%, Err 21 (1.1e-005)
266.882 .... 901 packets received, 6926 bps, 86.58%, Err 21 (1.1e-005)
268.976 .... 909 packets received, 6933 bps, 86.66%, Err 21 (1.1e-005)
271.116 .... 917 packets received, 6939 bps, 86.73%, Err 21 (1.1e-005)
273.222 .... 925 packets received, 6945 bps, 86.82%, Err 21 (1.1e-005)
275.331 .... 933 packets received, 6952 bps, 86.89%, Err 21 (1.0e-005)
277.425 .... 941 packets received, 6958 bps, 86.98%, Err 21 (1.0e-005)
279.550 .... 949 packets received, 6964 bps, 87.05%, Err 21 (1.0e-005)
281.676 .... 957 packets received, 6970 bps, 87.12%, Err 21 (1.0e-005)
283.801 .... 965 packets received, 6975 bps, 87.19%, Err 21 (1.0e-005)
285.894 .... 973 packets received, 6981 bps, 87.27%, Err 21 (1.0e-005)
288.035 .... 981 packets received, 6986 bps, 87.33%, Err 21 (9.9e-006)
290.145 .... 989 packets received, 6992 bps, 87.40%, Err 21 (9.9e-006)
292.239 .... 997 packets received, 6998 bps, 87.47%, Err 21 (9.8e-006)
294.364 .... 1005 packets received, 7003 bps, 87.54%, Err 21 (9.7e-006)
296.473 .... 1013 packets received, 7009 bps, 87.61%, Err 21 (9.6e-006)
298.583 .... 1021 packets received, 7014 bps, 87.67%, Err 21 (9.6e-006)
300.708 .... 1029 packets received, 7019 bps, 87.74%, Err 21 (9.5e-006)
302.817 .... 1037 packets received, 7024 bps, 87.80%, Err 21 (9.4e-006)
304.911 .... 1045 packets received, 7030 bps, 87.87%, Err 21 (9.3e-006)
307.036 .... 1053 packets received, 7034 bps, 87.93%, Err 21 (9.3e-006)
309.161 .... 1061 packets received, 7039 bps, 87.99%, Err 21 (9.2e-006)
311.271 .... 1069 packets received, 7044 bps, 88.05%, Err 21 (9.1e-006)
313.380 .... 1077 packets received, 7049 bps, 88.11%, Err 21 (9.1e-006)
317.459 .... 1080 packets received, 6977 bps, 87.22%, Err 22 (9.4e-006)
322.162 .... 1087 packets received, 6920 bps, 86.50%, Err 23 (9.8e-006)
324.318 .... 1099 packets received, 6950 bps, 86.87%, Err 23 (9.7e-006)
326.428 .... 1107 packets received, 6955 bps, 86.94%, Err 23 (9.6e-006)
328.553 .... 1115 packets received, 6960 bps, 87.00%, Err 23 (9.6e-006)
330.647 .... 1123 packets received, 6965 bps, 87.07%, Err 23 (9.5e-006)
332.772 .... 1131 packets received, 6970 bps, 87.13%, Err 23 (9.4e-006)
334.882 .... 1139 packets received, 6975 bps, 87.19%, Err 23 (9.4e-006)
337.007 .... 1147 packets received, 6980 bps, 87.25%, Err 23 (9.3e-006)
339.116 .... 1155 packets received, 6985 bps, 87.31%, Err 23 (9.3e-006)
341.210 .... 1163 packets received, 6990 bps, 87.37%, Err 23 (9.2e-006)
346.351 .... 1170 packets received, 6928 bps, 86.59%, Err 24 (9.5e-006)
348.414 .... 1180 packets received, 6945 bps, 86.82%, Err 25 (9.8e-006)
350.539 .... 1188 packets received, 6950 bps, 86.87%, Err 25 (9.8e-006)
352.648 .... 1196 packets received, 6955 bps, 86.94%, Err 25 (9.7e-006)
354.773 .... 1204 packets received, 6959 bps, 86.99%, Err 25 (9.6e-006)
356.891 .... 1212 packets received, 6964 bps, 87.05%, Err 25 (9.6e-006)
358.985 .... 1220 packets received, 6969 bps, 87.11%, Err 25 (9.5e-006)
361.100 .... 1228 packets received, 6974 bps, 87.17%, Err 25 (9.5e-006)
363.209 .... 1236 packets received, 6978 bps, 87.23%, Err 25 (9.4e-006)
365.319 .... 1244 packets received, 6983 bps, 87.28%, Err 25 (9.3e-006)
367.444 .... 1252 packets received, 6987 bps, 87.34%, Err 25 (9.3e-006)
369.535 .... 1260 packets received, 6992 bps, 87.40%, Err 25 (9.2e-006)
374.425 .... 1266 packets received, 6933 bps, 86.66%, Err 27 (9.9e-006)
376.660 .... 1277 packets received, 6952 bps, 86.90%, Err 27 (9.8e-006)
378.754 .... 1284 packets received, 6951 bps, 86.89%, Err 27 (9.8e-006)
383.627 .... 1290 packets received, 6895 bps, 86.19%, Err 28 (1.0e-005)
385.826 .... 1301 packets received, 6914 bps, 86.43%, Err 28 (1.0e-005)
388.264 .... 1309 packets received, 6913 bps, 86.41%, Err 28 (9.9e-006)
390.389 .... 1317 packets received, 6917 bps, 86.46%, Err 28 (9.9e-006)
392.498 .... 1325 packets received, 6922 bps, 86.52%, Err 28 (9.8e-006)
394.603 .... 1333 packets received, 6926 bps, 86.58%, Err 28 (9.8e-006)
396.712 .... 1341 packets received, 6931 bps, 86.64%, Err 28 (9.7e-006)
398.806 .... 1349 packets received, 6936 bps, 86.69%, Err 28 (9.6e-006)
400.931 .... 1357 packets received, 6940 bps, 86.75%, Err 28 (9.6e-006)
403.055 .... 1365 packets received, 6944 bps, 86.80%, Err 28 (9.5e-006)
405.158 .... 1373 packets received, 6948 bps, 86.85%, Err 28 (9.5e-006)
407.272 .... 1381 packets received, 6952 bps, 86.90%, Err 28 (9.4e-006)
409.380 .... 1389 packets received, 6957 bps, 86.96%, Err 28 (9.4e-006)
411.490 .... 1397 packets received, 6961 bps, 87.01%, Err 28 (9.3e-006)
415.319 .... 1399 packets received, 6906 bps, 86.33%, Err 29 (9.6e-006)
417.445 .... 1409 packets received, 6920 bps, 86.50%, Err 29 (9.6e-006)
419.539 .... 1417 packets received, 6925 bps, 86.56%, Err 29 (9.5e-006)
421.648 .... 1425 packets received, 6929 bps, 86.61%, Err 29 (9.5e-006)
423.773 .... 1433 packets received, 6933 bps, 86.66%, Err 29 (9.4e-006)
425.899 .... 1441 packets received, 6937 bps, 86.71%, Err 30 (9.7e-006)
428.008 .... 1449 packets received, 6941 bps, 86.76%, Err 30 (9.6e-006)
430.102 .... 1457 packets received, 6945 bps, 86.81%, Err 30 (9.6e-006)
432.227 .... 1465 packets received, 6949 bps, 86.86%, Err 30 (9.5e-006)
436.055 .... 1467 packets received, 6897 bps, 86.22%, Err 31 (9.8e-006)
438.300 .... 1477 packets received, 6909 bps, 86.36%, Err 31 (9.7e-006)
440.426 .... 1484 packets received, 6908 bps, 86.35%, Err 31 (9.7e-006)
442.598 .... 1492 packets received, 6911 bps, 86.39%, Err 31 (9.7e-006)
444.691 .... 1500 packets received, 6915 bps, 86.44%, Err 32 (9.9e-006)
448.254 .... 1501 packets received, 6865 bps, 85.81%, Err 32 (9.9e-006)
450.504 .... 1510 packets received, 6872 bps, 85.89%, Err 32 (9.8e-006)
452.629 .... 1518 packets received, 6875 bps, 85.94%, Err 32 (9.8e-006)
454.723 .... 1526 packets received, 6880 bps, 86.00%, Err 32 (9.7e-006)
456.848 .... 1534 packets received, 6884 bps, 86.05%, Err 32 (9.7e-006)
458.958 .... 1542 packets received, 6888 bps, 86.10%, Err 32 (9.6e-006)
462.648 .... 1549 packets received, 6864 bps, 85.80%, Err 33 (9.9e-006)
464.803 .... 1558 packets received, 6872 bps, 85.90%, Err 33 (9.8e-006)
466.881 .... 1565 packets received, 6872 bps, 85.90%, Err 33 (9.8e-006)
470.959 .... 1568 packets received, 6825 bps, 85.32%, Err 34 (1.0e-005)
473.069 .... 1578 packets received, 6838 bps, 85.48%, Err 34 (1.0e-005)
475.175 .... 1586 packets received, 6842 bps, 85.53%, Err 34 (9.9e-006)
477.300 .... 1594 packets received, 6846 bps, 85.58%, Err 34 (9.9e-006)
482.175 .... 1600 packets received, 6802 bps, 85.03%, Err 35 (1.0e-005)
484.425 .... 1609 packets received, 6809 bps, 85.11%, Err 35 (1.0e-005)
486.535 .... 1617 packets received, 6813 bps, 85.16%, Err 35 (1.0e-005)
489.957 .... 1623 packets received, 6790 bps, 84.88%, Err 37 (1.1e-005)
492.113 .... 1633 packets received, 6802 bps, 85.03%, Err 37 (1.1e-005)
494.223 .... 1641 packets received, 6806 bps, 85.08%, Err 37 (1.0e-005)
498.191 .... 1649 packets received, 6785 bps, 84.81%, Err 38 (1.1e-005)
500.317 .... 1659 packets received, 6797 bps, 84.97%, Err 38 (1.1e-005)
502.426 .... 1667 packets received, 6801 bps, 85.02%, Err 38 (1.1e-005)
504.520 .... 1675 packets received, 6806 bps, 85.07%, Err 38 (1.1e-005)
506.661 .... 1683 packets received, 6809 bps, 85.11%, Err 38 (1.0e-005)
508.770 .... 1691 packets received, 6813 bps, 85.16%, Err 38 (1.0e-005)
510.880 .... 1699 packets received, 6817 bps, 85.21%, Err 38 (1.0e-005)
512.989 .... 1707 packets received, 6821 bps, 85.26%, Err 38 (1.0e-005)
515.103 .... 1715 packets received, 6825 bps, 85.31%, Err 38 (1.0e-005)
517.212 .... 1723 packets received, 6829 bps, 85.36%, Err 38 (1.0e-005)
519.322 .... 1731 packets received, 6832 bps, 85.41%, Err 38 (1.0e-005)
521.431 .... 1739 packets received, 6836 bps, 85.45%, Err 38 (1.0e-005)
526.306 .... 1745 packets received, 6796 bps, 84.95%, Err 39 (1.0e-005)
528.463 .... 1755 packets received, 6807 bps, 85.09%, Err 39 (1.0e-005)
532.541 .... 1758 packets received, 6767 bps, 84.58%, Err 40 (1.1e-005)
534.729 .... 1769 packets received, 6781 bps, 84.76%, Err 40 (1.0e-005)
536.838 .... 1777 packets received, 6785 bps, 84.81%, Err 40 (1.0e-005)
538.948 .... 1785 packets received, 6789 bps, 84.86%, Err 40 (1.0e-005)
541.057 .... 1793 packets received, 6793 bps, 84.91%, Err 40 (1.0e-005)
543.182 .... 1801 packets received, 6796 bps, 84.95%, Err 41 (1.1e-005)
545.276 .... 1809 packets received, 6800 bps, 85.00%, Err 41 (1.1e-005)
547.401 .... 1817 packets received, 6804 bps, 85.05%, Err 41 (1.0e-005)
549.511 .... 1825 packets received, 6807 bps, 85.09%, Err 41 (1.0e-005)
551.620 .... 1833 packets received, 6811 bps, 85.14%, Err 41 (1.0e-005)
553.730 .... 1841 packets received, 6815 bps, 85.18%, Err 41 (1.0e-005)
555.855 .... 1849 packets received, 6818 bps, 85.23%, Err 41 (1.0e-005)
557.964 .... 1857 packets received, 6822 bps, 85.27%, Err 41 (1.0e-005)
560.074 .... 1865 packets received, 6825 bps, 85.32%, Err 41 (1.0e-005)
562.183 .... 1873 packets received, 6829 bps, 85.36%, Err 41 (1.0e-005)
564.293 .... 1881 packets received, 6832 bps, 85.40%, Err 41 (1.0e-005)
566.402 .... 1889 packets received, 6836 bps, 85.45%, Err 41 (1.0e-005)
568.527 .... 1897 packets received, 6839 bps, 85.49%, Err 41 (1.0e-005)
570.637 .... 1905 packets received, 6843 bps, 85.53%, Err 41 (1.0e-005)
572.746 .... 1913 packets received, 6846 bps, 85.57%, Err 41 (9.9e-006)
576.436 .... 1921 packets received, 6831 bps, 85.38%, Err 42 (1.0e-005)
581.343 .... 1929 packets received, 6801 bps, 85.01%, Err 43 (1.0e-005)
583.452 .... 1939 packets received, 6812 bps, 85.14%, Err 43 (1.0e-005)
585.562 .... 1947 packets received, 6815 bps, 85.19%, Err 43 (1.0e-005)
587.671 .... 1955 packets received, 6818 bps, 85.23%, Err 43 (1.0e-005)
589.796 .... 1963 packets received, 6822 bps, 85.27%, Err 43 (1.0e-005)
591.906 .... 1971 packets received, 6825 bps, 85.31%, Err 43 (1.0e-005)
594.015 .... 1979 packets received, 6828 bps, 85.35%, Err 43 (1.0e-005)
596.125 .... 1987 packets received, 6832 bps, 85.40%, Err 43 (1.0e-005)
598.234 .... 1995 packets received, 6835 bps, 85.44%, Err 43 (1.0e-005)
600.328 .... 2003 packets received, 6838 bps, 85.48%, Err 43 (1.0e-005)
602.453 .... 2011 packets received, 6841 bps, 85.52%, Err 43 (9.9e-006)
604.563 .... 2019 packets received, 6845 bps, 85.56%, Err 43 (9.9e-006)
606.688 .... 2027 packets received, 6848 bps, 85.60%, Err 43 (9.8e-006)
608.782 .... 2035 packets received, 6851 bps, 85.64%, Err 43 (9.8e-006)
610.907 .... 2043 packets received, 6854 bps, 85.68%, Err 43 (9.8e-006)
613.016 .... 2051 packets received, 6857 bps, 85.72%, Err 43 (9.7e-006)
616.704 .... 2059 packets received, 6843 bps, 85.53%, Err 44 (9.9e-006)
618.829 .... 2069 packets received, 6852 bps, 85.66%, Err 44 (9.9e-006)
620.923 .... 2077 packets received, 6856 bps, 85.70%, Err 44 (9.8e-006)
623.032 .... 2085 packets received, 6859 bps, 85.73%, Err 44 (9.8e-006)
625.173 .... 2093 packets received, 6861 bps, 85.77%, Err 44 (9.8e-006)
627.533 .... 2096 packets received, 6845 bps, 85.57%, Err 45 (9.9e-006)
629.689 .... 2105 packets received, 6851 bps, 85.64%, Err 45 (9.9e-006)
631.798 .... 2113 packets received, 6854 bps, 85.68%, Err 45 (9.9e-006)
634.188 .... 2115 packets received, 6835 bps, 85.44%, Err 47 (1.0e-005)
636.281 .... 2124 packets received, 6841 bps, 85.52%, Err 47 (1.0e-005)
638.375 .... 2132 packets received, 6845 bps, 85.56%, Err 48 (1.0e-005)
640.500 .... 2140 packets received, 6848 bps, 85.59%, Err 48 (1.0e-005)
642.625 .... 2148 packets received, 6850 bps, 85.63%, Err 48 (1.0e-005)
644.735 .... 2156 packets received, 6853 bps, 85.67%, Err 48 (1.0e-005)
649.345 .... 2161 packets received, 6821 bps, 85.26%, Err 49 (1.0e-005)
651.610 .... 2171 packets received, 6828 bps, 85.35%, Err 49 (1.0e-005)
653.720 .... 2179 packets received, 6831 bps, 85.39%, Err 49 (1.0e-005)
655.829 .... 2187 packets received, 6834 bps, 85.43%, Err 49 (1.0e-005)
657.939 .... 2195 packets received, 6837 bps, 85.47%, Err 49 (1.0e-005)
660.048 .... 2203 packets received, 6840 bps, 85.50%, Err 49 (1.0e-005)
662.158 .... 2211 packets received, 6843 bps, 85.54%, Err 49 (1.0e-005)
664.283 .... 2219 packets received, 6846 bps, 85.57%, Err 49 (1.0e-005)
666.392 .... 2227 packets received, 6849 bps, 85.61%, Err 49 (1.0e-005)
668.533 .... 2235 packets received, 6851 bps, 85.64%, Err 49 (1.0e-005)
670.627 .... 2243 packets received, 6855 bps, 85.68%, Err 49 (1.0e-005)
672.736 .... 2251 packets received, 6857 bps, 85.72%, Err 49 (1.0e-005)
674.830 .... 2259 packets received, 6860 bps, 85.75%, Err 49 (1.0e-005)
676.955 .... 2267 packets received, 6863 bps, 85.79%, Err 49 (1.0e-005)
679.065 .... 2275 packets received, 6866 bps, 85.82%, Err 49 (1.0e-005)
681.190 .... 2283 packets received, 6868 bps, 85.86%, Err 49 (1.0e-005)
683.299 .... 2291 packets received, 6871 bps, 85.89%, Err 49 (9.9e-006)
685.393 .... 2299 packets received, 6874 bps, 85.93%, Err 49 (9.9e-006)
687.503 .... 2307 packets received, 6877 bps, 85.96%, Err 49 (9.9e-006)
689.628 .... 2315 packets received, 6879 bps, 85.99%, Err 49 (9.8e-006)
691.753 .... 2323 packets received, 6882 bps, 86.03%, Err 49 (9.8e-006)
693.858 .... 2331 packets received, 6885 bps, 86.06%, Err 49 (9.8e-006)
695.968 .... 2339 packets received, 6887 bps, 86.09%, Err 49 (9.7e-006)
699.936 .... 2347 packets received, 6872 bps, 85.90%, Err 51 (1.0e-005)
705.062 .... 2356 packets received, 6848 bps, 85.60%, Err 52 (1.0e-005)
707.202 .... 2367 packets received, 6859 bps, 85.74%, Err 52 (1.0e-005)
709.312 .... 2375 packets received, 6862 bps, 85.77%, Err 52 (1.0e-005)
711.421 .... 2383 packets received, 6864 bps, 85.81%, Err 52 (1.0e-005)
713.531 .... 2391 packets received, 6867 bps, 85.84%, Err 52 (1.0e-005)
715.656 .... 2399 packets received, 6870 bps, 85.87%, Err 52 (1.0e-005)
717.765 .... 2407 packets received, 6872 bps, 85.90%, Err 52 (1.0e-005)
719.875 .... 2415 packets received, 6875 bps, 85.94%, Err 52 (1.0e-005)
721.984 .... 2423 packets received, 6878 bps, 85.97%, Err 52 (1.0e-005)
724.094 .... 2431 packets received, 6880 bps, 86.00%, Err 52 (9.9e-006)
726.203 .... 2439 packets received, 6883 bps, 86.03%, Err 52 (9.9e-006)
728.328 .... 2447 packets received, 6885 bps, 86.06%, Err 52 (9.9e-006)
732.922 .... 2452 packets received, 6856 bps, 85.70%, Err 53 (1.0e-005)
735.110 .... 2463 packets received, 6866 bps, 85.83%, Err 53 (1.0e-005)
737.219 .... 2471 packets received, 6869 bps, 85.86%, Err 53 (1.0e-005)
739.313 .... 2479 packets received, 6871 bps, 85.89%, Err 53 (9.9e-006)
741.438 .... 2487 packets received, 6874 bps, 85.92%, Err 54 (1.0e-005)
745.001 .... 2488 packets received, 6844 bps, 85.55%, Err 54 (1.0e-005)
747.173 .... 2498 packets received, 6851 bps, 85.64%, Err 54 (1.0e-005)
749.283 .... 2506 packets received, 6854 bps, 85.67%, Err 54 (1.0e-005)
751.392 .... 2514 packets received, 6856 bps, 85.70%, Err 54 (1.0e-005)
759.050 .... 2518 packets received, 6798 bps, 84.97%, Err 56 (1.0e-005)
761.065 .... 2528 packets received, 6807 bps, 85.09%, Err 56 (1.0e-005)
763.175 .... 2536 packets received, 6810 bps, 85.12%, Err 56 (1.0e-005)
765.284 .... 2544 packets received, 6812 bps, 85.15%, Err 56 (1.0e-005)
767.409 .... 2552 packets received, 6815 bps, 85.18%, Err 56 (1.0e-005)
769.519 .... 2560 packets received, 6817 bps, 85.22%, Err 56 (1.0e-005)
771.628 .... 2568 packets received, 6820 bps, 85.25%, Err 56 (1.0e-005)
773.738 .... 2576 packets received, 6822 bps, 85.28%, Err 56 (1.0e-005)
775.847 .... 2584 packets received, 6825 bps, 85.31%, Err 56 (1.0e-005)
777.957 .... 2592 packets received, 6828 bps, 85.34%, Err 56 (1.0e-005)
780.082 .... 2600 packets received, 6830 bps, 85.37%, Err 56 (1.0e-005)
782.191 .... 2608 packets received, 6833 bps, 85.41%, Err 56 (1.0e-005)
784.301 .... 2616 packets received, 6835 bps, 85.44%, Err 56 (9.9e-006)
788.114 .... 2618 packets received, 6807 bps, 85.09%, Err 57 (1.0e-005)
790.254 .... 2629 packets received, 6817 bps, 85.22%, Err 57 (1.0e-005)
792.364 .... 2637 packets received, 6820 bps, 85.25%, Err 57 (1.0e-005)
794.473 .... 2645 packets received, 6822 bps, 85.28%, Err 57 (1.0e-005)
796.583 .... 2653 packets received, 6825 bps, 85.31%, Err 58 (1.0e-005)
800.145 .... 2654 packets received, 6797 bps, 84.96%, Err 58 (1.0e-005)
802.380 .... 2665 packets received, 6806 bps, 85.08%, Err 58 (1.0e-005)
804.505 .... 2673 packets received, 6808 bps, 85.11%, Err 58 (1.0e-005)
806.614 .... 2681 packets received, 6811 bps, 85.14%, Err 58 (1.0e-005)
808.724 .... 2689 packets received, 6813 bps, 85.17%, Err 58 (1.0e-005)
812.162 .... 2696 packets received, 6802 bps, 85.03%, Err 59 (1.0e-005)
814.282 .... 2706 packets received, 6810 bps, 85.12%, Err 59 (1.0e-005)
816.407 .... 2714 packets received, 6812 bps, 85.15%, Err 59 (1.0e-005)
818.501 .... 2722 packets received, 6815 bps, 85.18%, Err 59 (1.0e-005)
820.626 .... 2724 packets received, 6802 bps, 85.02%, Err 60 (1.0e-005)
823.548 .... 2731 packets received, 6795 bps, 84.94%, Err 62 (1.1e-005)
825.689 .... 2741 packets received, 6802 bps, 85.03%, Err 62 (1.0e-005)
827.798 .... 2749 packets received, 6805 bps, 85.06%, Err 62 (1.0e-005)
830.705 .... 2754 packets received, 6793 bps, 84.92%, Err 64 (1.1e-005)
832.846 .... 2764 packets received, 6801 bps, 85.01%, Err 64 (1.1e-005)
834.939 .... 2772 packets received, 6803 bps, 85.04%, Err 64 (1.1e-005)
838.783 .... 2774 packets received, 6777 bps, 84.71%, Err 65 (1.1e-005)
841.049 .... 2784 packets received, 6783 bps, 84.79%, Err 65 (1.1e-005)
843.174 .... 2792 packets received, 6785 bps, 84.82%, Err 65 (1.1e-005)
845.284 .... 2800 packets received, 6788 bps, 84.85%, Err 65 (1.1e-005)
847.393 .... 2808 packets received, 6790 bps, 84.88%, Err 66 (1.1e-005)
849.518 .... 2816 packets received, 6792 bps, 84.91%, Err 67 (1.1e-005)
851.612 .... 2824 packets received, 6795 bps, 84.94%, Err 67 (1.1e-005)
853.768 .... 2832 packets received, 6797 bps, 84.96%, Err 67 (1.1e-005)
856.003 .... 2840 packets received, 6798 bps, 84.98%, Err 67 (1.1e-005)
858.644 .... 2844 packets received, 6787 bps, 84.84%, Err 68 (1.1e-005)
860.862 .... 2854 packets received, 6793 bps, 84.92%, Err 68 (1.1e-005)
865.472 .... 2859 packets received, 6769 bps, 84.61%, Err 69 (1.1e-005)
867.722 .... 2869 packets received, 6775 bps, 84.69%, Err 69 (1.1e-005)
869.863 .... 2877 packets received, 6777 bps, 84.71%, Err 69 (1.1e-005)
871.988 .... 2885 packets received, 6779 bps, 84.74%, Err 69 (1.1e-005)
874.101 .... 2893 packets received, 6782 bps, 84.77%, Err 69 (1.1e-005)
876.226 .... 2901 packets received, 6784 bps, 84.80%, Err 69 (1.1e-005)
878.336 .... 2909 packets received, 6786 bps, 84.83%, Err 69 (1.1e-005)
880.445 .... 2917 packets received, 6789 bps, 84.86%, Err 69 (1.1e-005)
882.554 .... 2925 packets received, 6791 bps, 84.89%, Err 69 (1.1e-005)
884.648 .... 2933 packets received, 6794 bps, 84.92%, Err 70 (1.1e-005)
886.773 .... 2941 packets received, 6796 bps, 84.95%, Err 70 (1.1e-005)
888.914 .... 2949 packets received, 6798 bps, 84.97%, Err 70 (1.1e-005)
891.133 .... 2957 packets received, 6799 bps, 84.99%, Err 70 (1.1e-005)
893.242 .... 2965 packets received, 6802 bps, 85.02%, Err 70 (1.1e-005)
895.336 .... 2973 packets received, 6804 bps, 85.05%, Err 70 (1.1e-005)
897.461 .... 2981 packets received, 6806 bps, 85.08%, Err 70 (1.1e-005)
899.571 .... 2989 packets received, 6808 bps, 85.10%, Err 70 (1.1e-005)
901.680 .... 2997 packets received, 6811 bps, 85.13%, Err 70 (1.1e-005)
903.805 .... 3005 packets received, 6813 bps, 85.16%, Err 70 (1.1e-005)
905.915 .... 3013 packets received, 6815 bps, 85.19%, Err 70 (1.1e-005)
908.024 .... 3021 packets received, 6817 bps, 85.21%, Err 70 (1.1e-005)
910.134 .... 3029 packets received, 6819 bps, 85.24%, Err 70 (1.1e-005)
914.212 .... 3032 packets received, 6796 bps, 84.95%, Err 71 (1.1e-005)
916.415 .... 3043 packets received, 6804 bps, 85.05%, Err 71 (1.1e-005)
918.525 .... 3051 packets received, 6806 bps, 85.08%, Err 72 (1.1e-005)
922.072 .... 3052 packets received, 6782 bps, 84.78%, Err 72 (1.1e-005)
924.244 .... 3064 packets received, 6793 bps, 84.91%, Err 72 (1.1e-005)
926.353 .... 3072 packets received, 6795 bps, 84.94%, Err 72 (1.1e-005)
928.463 .... 3080 packets received, 6797 bps, 84.97%, Err 72 (1.1e-005)
930.572 .... 3088 packets received, 6799 bps, 84.99%, Err 72 (1.1e-005)
932.682 .... 3096 packets received, 6802 bps, 85.02%, Err 72 (1.1e-005)
934.800 .... 3104 packets received, 6804 bps, 85.05%, Err 72 (1.1e-005)
936.909 .... 3112 packets received, 6806 bps, 85.07%, Err 72 (1.1e-005)
939.019 .... 3120 packets received, 6808 bps, 85.10%, Err 72 (1.1e-005)
941.144 .... 3128 packets received, 6810 bps, 85.13%, Err 72 (1.1e-005)
943.253 .... 3136 packets received, 6812 bps, 85.15%, Err 72 (1.1e-005)
947.332 .... 3139 packets received, 6789 bps, 84.87%, Err 74 (1.1e-005)
953.551 .... 3140 packets received, 6747 bps, 84.34%, Err 74 (1.1e-005)
955.801 .... 3151 packets received, 6755 bps, 84.44%, Err 74 (1.1e-005)
957.910 .... 3159 packets received, 6757 bps, 84.46%, Err 74 (1.1e-005)
960.020 .... 3167 packets received, 6759 bps, 84.49%, Err 74 (1.1e-005)
964.629 .... 3172 packets received, 6738 bps, 84.22%, Err 76 (1.1e-005)
970.770 .... 3174 packets received, 6699 bps, 83.74%, Err 76 (1.1e-005)
972.802 .... 3185 packets received, 6708 bps, 83.86%, Err 76 (1.1e-005)
974.911 .... 3193 packets received, 6711 bps, 83.88%, Err 76 (1.1e-005)
977.021 .... 3201 packets received, 6713 bps, 83.91%, Err 76 (1.1e-005)
979.130 .... 3209 packets received, 6715 bps, 83.94%, Err 76 (1.1e-005)
981.255 .... 3217 packets received, 6717 bps, 83.97%, Err 76 (1.1e-005)
983.365 .... 3225 packets received, 6720 bps, 84.00%, Err 77 (1.1e-005)
988.506 .... 3226 packets received, 6687 bps, 83.58%, Err 78 (1.1e-005)
990.693 .... 3236 packets received, 6693 bps, 83.66%, Err 78 (1.1e-005)
992.803 .... 3244 packets received, 6695 bps, 83.69%, Err 78 (1.1e-005)
994.914 .... 3252 packets received, 6697 bps, 83.72%, Err 78 (1.1e-005)
998.711 .... 3254 packets received, 6676 bps, 83.45%, Err 79 (1.1e-005)
1000.821 .... 3265 packets received, 6684 bps, 83.55%, Err 79 (1.1e-005)
1002.930 .... 3273 packets received, 6687 bps, 83.58%, Err 79 (1.1e-005)
1005.040 .... 3281 packets received, 6689 bps, 83.61%, Err 79 (1.1e-005)
1007.133 .... 3289 packets received, 6691 bps, 83.64%, Err 79 (1.1e-005)
1009.274 .... 3297 packets received, 6693 bps, 83.67%, Err 79 (1.1e-005)
1011.384 .... 3305 packets received, 6695 bps, 83.69%, Err 79 (1.1e-005)
1013.493 .... 3313 packets received, 6698 bps, 83.72%, Err 79 (1.1e-005)
1015.618 .... 3321 packets received, 6700 bps, 83.75%, Err 79 (1.1e-005)
1017.728 .... 3329 packets received, 6702 bps, 83.78%, Err 79 (1.1e-005)
1019.837 .... 3337 packets received, 6704 bps, 83.80%, Err 79 (1.1e-005)
1021.947 .... 3345 packets received, 6706 bps, 83.83%, Err 79 (1.1e-005)
1024.072 .... 3353 packets received, 6709 bps, 83.86%, Err 79 (1.1e-005)
1026.228 .... 3361 packets received, 6710 bps, 83.88%, Err 79 (1.1e-005)
1028.384 .... 3369 packets received, 6712 bps, 83.90%, Err 79 (1.1e-005)
1030.494 .... 3371 packets received, 6703 bps, 83.78%, Err 81 (1.1e-005)
1032.603 .... 3381 packets received, 6709 bps, 83.86%, Err 81 (1.1e-005)
1034.744 .... 3389 packets received, 6711 bps, 83.88%, Err 81 (1.1e-005)
1039.338 .... 3394 packets received, 6691 bps, 83.63%, Err 82 (1.1e-005)
1041.604 .... 3404 packets received, 6696 bps, 83.70%, Err 82 (1.1e-005)
1043.729 .... 3412 packets received, 6698 bps, 83.72%, Err 82 (1.1e-005)
1045.838 .... 3420 packets received, 6700 bps, 83.75%, Err 82 (1.1e-005)
1047.948 .... 3428 packets received, 6702 bps, 83.78%, Err 82 (1.1e-005)
1050.182 .... 3436 packets received, 6704 bps, 83.80%, Err 82 (1.1e-005)
1052.292 .... 3444 packets received, 6706 bps, 83.82%, Err 82 (1.1e-005)
1054.398 .... 3452 packets received, 6708 bps, 83.85%, Err 82 (1.1e-005)
1056.523 .... 3460 packets received, 6710 bps, 83.87%, Err 82 (1.1e-005)
1058.632 .... 3468 packets received, 6712 bps, 83.90%, Err 82 (1.1e-005)
1062.586 .... 3476 packets received, 6702 bps, 83.78%, Err 83 (1.1e-005)
1064.601 .... 3485 packets received, 6707 bps, 83.84%, Err 83 (1.1e-005)
1066.726 .... 3493 packets received, 6709 bps, 83.86%, Err 83 (1.1e-005)
1068.851 .... 3501 packets received, 6711 bps, 83.89%, Err 83 (1.1e-005)
1070.961 .... 3509 packets received, 6713 bps, 83.91%, Err 83 (1.1e-005)
1073.070 .... 3517 packets received, 6715 bps, 83.94%, Err 83 (1.1e-005)
1075.195 .... 3525 packets received, 6717 bps, 83.96%, Err 83 (1.1e-005)
1077.305 .... 3533 packets received, 6719 bps, 83.99%, Err 83 (1.1e-005)
1079.414 .... 3541 packets received, 6721 bps, 84.02%, Err 83 (1.1e-005)
1081.540 .... 3543 packets received, 6712 bps, 83.90%, Err 84 (1.1e-005)
1083.680 .... 3553 packets received, 6718 bps, 83.97%, Err 84 (1.1e-005)
1085.774 .... 3561 packets received, 6720 bps, 84.00%, Err 84 (1.1e-005)
1087.899 .... 3569 packets received, 6722 bps, 84.02%, Err 84 (1.1e-005)
1090.024 .... 3577 packets received, 6724 bps, 84.04%, Err 84 (1.1e-005)
1095.150 .... 3584 packets received, 6705 bps, 83.81%, Err 85 (1.1e-005)
1097.165 .... 3593 packets received, 6710 bps, 83.87%, Err 85 (1.1e-005)
1099.290 .... 3601 packets received, 6712 bps, 83.89%, Err 85 (1.1e-005)
1101.416 .... 3609 packets received, 6713 bps, 83.92%, Err 85 (1.1e-005)
1103.681 .... 3617 packets received, 6715 bps, 83.93%, Err 85 (1.1e-005)
1105.806 .... 3625 packets received, 6716 bps, 83.96%, Err 85 (1.1e-005)
1107.916 .... 3633 packets received, 6718 bps, 83.98%, Err 85 (1.1e-005)
1110.025 .... 3641 packets received, 6720 bps, 84.01%, Err 85 (1.1e-005)
1114.732 .... 3645 packets received, 6699 bps, 83.74%, Err 87 (1.1e-005)
1116.919 .... 3657 packets received, 6708 bps, 83.85%, Err 87 (1.1e-005)
1119.029 .... 3665 packets received, 6710 bps, 83.88%, Err 87 (1.1e-005)
1121.138 .... 3673 packets received, 6712 bps, 83.90%, Err 87 (1.1e-005)
1123.248 .... 3681 packets received, 6714 bps, 83.93%, Err 87 (1.1e-005)
1125.357 .... 3689 packets received, 6716 bps, 83.95%, Err 87 (1.1e-005)
1127.482 .... 3697 packets received, 6718 bps, 83.98%, Err 88 (1.1e-005)
1129.592 .... 3705 packets received, 6720 bps, 84.00%, Err 88 (1.1e-005)
1131.701 .... 3713 packets received, 6722 bps, 84.03%, Err 88 (1.1e-005)
1133.811 .... 3721 packets received, 6724 bps, 84.05%, Err 88 (1.1e-005)
1136.186 .... 3724 packets received, 6715 bps, 83.94%, Err 89 (1.1e-005)
1140.733 .... 3731 packets received, 6701 bps, 83.76%, Err 90 (1.1e-005)
1142.889 .... 3743 packets received, 6710 bps, 83.87%, Err 90 (1.1e-005)
1144.999 .... 3751 packets received, 6712 bps, 83.90%, Err 90 (1.1e-005)
1147.108 .... 3759 packets received, 6714 bps, 83.92%, Err 90 (1.1e-005)
1149.218 .... 3767 packets received, 6716 bps, 83.95%, Err 90 (1.1e-005)
1151.327 .... 3775 packets received, 6718 bps, 83.97%, Err 90 (1.1e-005)
1153.452 .... 3783 packets received, 6720 bps, 83.99%, Err 90 (1.1e-005)
1155.562 .... 3791 packets received, 6721 bps, 84.02%, Err 90 (1.1e-005)
1157.671 .... 3799 packets received, 6723 bps, 84.04%, Err 90 (1.1e-005)
1159.781 .... 3807 packets received, 6725 bps, 84.07%, Err 90 (1.1e-005)
1161.890 .... 3815 packets received, 6727 bps, 84.09%, Err 90 (1.1e-005)
1164.000 .... 3823 packets received, 6729 bps, 84.11%, Err 90 (1.1e-005)
1166.125 .... 3831 packets received, 6731 bps, 84.14%, Err 90 (1.1e-005)
1168.234 .... 3839 packets received, 6733 bps, 84.16%, Err 90 (1.1e-005)
1170.328 .... 3847 packets received, 6735 bps, 84.18%, Err 90 (1.1e-005)
1172.453 .... 3855 packets received, 6736 bps, 84.21%, Err 90 (1.1e-005)
1174.566 .... 3863 packets received, 6738 bps, 84.23%, Err 90 (1.1e-005)
1176.675 .... 3871 packets received, 6740 bps, 84.25%, Err 90 (1.1e-005)
1178.785 .... 3879 packets received, 6742 bps, 84.27%, Err 90 (1.1e-005)
1180.910 .... 3887 packets received, 6744 bps, 84.30%, Err 90 (1.1e-005)
1183.019 .... 3895 packets received, 6746 bps, 84.32%, Err 90 (1.1e-005)
1185.129 .... 3903 packets received, 6747 bps, 84.34%, Err 90 (1.1e-005)
1187.238 .... 3911 packets received, 6749 bps, 84.36%, Err 90 (1.1e-005)
1189.348 .... 3919 packets received, 6751 bps, 84.39%, Err 90 (1.1e-005)
1191.457 .... 3927 packets received, 6753 bps, 84.41%, Err 90 (1.1e-005)
1193.582 .... 3929 packets received, 6744 bps, 84.30%, Err 92 (1.1e-005)
1195.910 .... 3937 packets received, 6745 bps, 84.31%, Err 92 (1.1e-005)
1198.051 .... 3945 packets received, 6746 bps, 84.33%, Err 92 (1.1e-005)
1200.161 .... 3953 packets received, 6748 bps, 84.35%, Err 92 (1.1e-005)
1202.255 .... 3961 packets received, 6750 bps, 84.38%, Err 92 (1.1e-005)
1204.364 .... 3969 packets received, 6752 bps, 84.40%, Err 92 (1.1e-005)
1209.520 .... 3976 packets received, 6735 bps, 84.19%, Err 93 (1.1e-005)
1211.771 .... 3986 packets received, 6739 bps, 84.24%, Err 93 (1.1e-005)
1213.896 .... 3994 packets received, 6741 bps, 84.26%, Err 93 (1.1e-005)
1216.271 .... 3997 packets received, 6733 bps, 84.16%, Err 94 (1.1e-005)
1218.396 .... 4007 packets received, 6738 bps, 84.22%, Err 94 (1.1e-005)
1220.505 .... 4015 packets received, 6740 bps, 84.25%, Err 94 (1.1e-005)
1222.615 .... 4023 packets received, 6741 bps, 84.27%, Err 94 (1.1e-005)
1224.740 .... 4031 packets received, 6743 bps, 84.29%, Err 94 (1.1e-005)
1226.849 .... 4039 packets received, 6745 bps, 84.31%, Err 94 (1.1e-005)
1229.053 .... 4047 packets received, 6746 bps, 84.33%, Err 94 (1.1e-005)
1231.178 .... 4055 packets received, 6748 bps, 84.35%, Err 94 (1.1e-005)
1233.286 .... 4063 packets received, 6750 bps, 84.37%, Err 94 (1.1e-005)
1235.393 .... 4071 packets received, 6751 bps, 84.39%, Err 94 (1.1e-005)
1237.505 .... 4079 packets received, 6753 bps, 84.41%, Err 94 (1.1e-005)
1239.626 .... 4087 packets received, 6755 bps, 84.43%, Err 94 (1.1e-005)
1241.719 .... 4095 packets received, 6756 bps, 84.46%, Err 94 (1.1e-005)
1243.841 .... 4103 packets received, 6758 bps, 84.48%, Err 94 (1.1e-005)
1245.986 .... 4111 packets received, 6760 bps, 84.50%, Err 94 (1.1e-005)
1250.570 .... 4116 packets received, 6743 bps, 84.29%, Err 96 (1.1e-005)
1252.578 .... 4124 packets received, 6745 bps, 84.32%, Err 96 (1.1e-005)
1254.726 .... 4132 packets received, 6747 bps, 84.34%, Err 96 (1.1e-005)
1256.812 .... 4140 packets received, 6749 bps, 84.36%, Err 96 (1.1e-005)
1258.912 .... 4148 packets received, 6750 bps, 84.38%, Err 96 (1.1e-005)
1261.024 .... 4156 packets received, 6752 bps, 84.40%, Err 96 (1.1e-005)
1263.143 .... 4164 packets received, 6754 bps, 84.42%, Err 96 (1.1e-005)
1265.266 .... 4172 packets received, 6755 bps, 84.44%, Err 96 (1.1e-005)
1267.376 .... 4180 packets received, 6757 bps, 84.46%, Err 96 (1.1e-005)
1269.464 .... 4188 packets received, 6759 bps, 84.49%, Err 96 (1.1e-005)
1271.605 .... 4196 packets received, 6760 bps, 84.50%, Err 96 (1.1e-005)
