C:\Users\Ice\Documents\Visual Studio 2013\Projects\network\Debug\network.exe a 
=========================================================================
                          Station A                                 
-------------------------------------------------------------------------
Protocol.lib, version 3.0, Build: Oct 19 2009 (jiangy@public3.bta.net.cn)
Channel: 8000 bps, 270 ms propagation delay, bit error rate 1.0E-005
Log file "C:\Users\Ice\Documents\Visual Studio 2013\Projects\network\Debug\network-A.log", TCP port 59144, debug mask 0x00
Station A is waiting for station B on TCP port 59144 ... Done.
New epoch: Wed May 04 23:22:27 2016
=========================================================================
3.403 .... 8 packets received, 7747 bps, 96.83%, Err 0 (0.0e+000)
5.530 .... 16 packets received, 7725 bps, 96.56%, Err 0 (0.0e+000)
7.686 .... 24 packets received, 7682 bps, 96.03%, Err 0 (0.0e+000)
9.748 .... 32 packets received, 7747 bps, 96.83%, Err 0 (0.0e+000)
11.849 .... 40 packets received, 7757 bps, 96.96%, Err 0 (0.0e+000)
13.975 .... 48 packets received, 7748 bps, 96.86%, Err 0 (0.0e+000)
16.099 .... 56 packets received, 7743 bps, 96.79%, Err 0 (0.0e+000)
18.210 .... 64 packets received, 7746 bps, 96.82%, Err 0 (0.0e+000)
20.303 .... 72 packets received, 7755 bps, 96.93%, Err 0 (0.0e+000)
22.443 .... 80 packets received, 7745 bps, 96.81%, Err 0 (0.0e+000)
24.570 .... 88 packets received, 7741 bps, 96.76%, Err 0 (0.0e+000)
27.742 .... 94 packets received, 7277 bps, 90.97%, Err 2 (9.4e-006)
29.851 .... 103 packets received, 7385 bps, 92.32%, Err 2 (9.0e-006)
31.960 .... 111 packets received, 7412 bps, 92.64%, Err 2 (8.4e-006)
34.132 .... 113 packets received, 7046 bps, 88.08%, Err 3 (1.2e-005)
36.258 .... 121 packets received, 7086 bps, 88.58%, Err 3 (1.1e-005)
38.383 .... 129 packets received, 7122 bps, 89.03%, Err 3 (1.1e-005)
40.398 ** WARNING: System too busy, sleep 15 ms, but be awakened 78 ms later
40.664 .... 137 packets received, 7126 bps, 89.07%, Err 3 (1.0e-005)
42.852 .... 146 packets received, 7194 bps, 89.92%, Err 3 (9.5e-006)
47.727 .... 152 packets received, 6703 bps, 83.79%, Err 4 (1.2e-005)
49.974 .... 161 packets received, 6773 bps, 84.66%, Err 4 (1.1e-005)
52.084 .... 169 packets received, 6814 bps, 85.17%, Err 4 (1.1e-005)
55.006 .... 174 packets received, 6634 bps, 82.92%, Err 5 (1.3e-005)
57.116 .... 183 packets received, 6713 bps, 83.91%, Err 5 (1.3e-005)
59.241 .... 191 packets received, 6750 bps, 84.37%, Err 5 (1.2e-005)
61.350 .... 199 packets received, 6786 bps, 84.82%, Err 5 (1.2e-005)
63.459 .... 207 packets received, 6819 bps, 85.24%, Err 5 (1.1e-005)
65.600 .... 215 packets received, 6847 bps, 85.58%, Err 5 (1.1e-005)
67.705 .... 223 packets received, 6876 bps, 85.95%, Err 5 (1.0e-005)
69.799 .... 231 packets received, 6905 bps, 86.32%, Err 5 (1.0e-005)
71.909 .... 239 packets received, 6931 bps, 86.64%, Err 5 (9.7e-006)
74.034 .... 247 packets received, 6954 bps, 86.92%, Err 5 (9.4e-006)
76.143 .... 255 packets received, 6977 bps, 87.21%, Err 5 (9.1e-006)
78.268 .... 263 packets received, 6997 bps, 87.46%, Err 5 (8.8e-006)
80.362 .... 271 packets received, 7019 bps, 87.74%, Err 5 (8.6e-006)
82.472 .... 279 packets received, 7038 bps, 87.98%, Err 5 (8.3e-006)
84.597 .... 287 packets received, 7055 bps, 88.19%, Err 5 (8.1e-006)
86.706 .... 295 packets received, 7073 bps, 88.41%, Err 5 (7.9e-006)
88.816 .... 303 packets received, 7090 bps, 88.62%, Err 5 (7.7e-006)
90.941 .... 311 packets received, 7104 bps, 88.80%, Err 5 (7.5e-006)
93.035 .... 319 packets received, 7121 bps, 89.01%, Err 5 (7.3e-006)
95.168 .... 327 packets received, 7134 bps, 89.17%, Err 6 (8.5e-006)
97.262 .... 335 packets received, 7149 bps, 89.36%, Err 6 (8.3e-006)
99.387 .... 343 packets received, 7161 bps, 89.51%, Err 6 (8.1e-006)
104.489 .... 350 packets received, 6946 bps, 86.82%, Err 6 (8.0e-006)
108.630 .... 351 packets received, 6697 bps, 83.71%, Err 6 (8.0e-006)
112.708 .... 352 packets received, 6470 bps, 80.88%, Err 6 (8.0e-006)
116.771 .... 353 packets received, 6260 bps, 78.25%, Err 6 (7.9e-006)
120.872 .... 354 packets received, 6063 bps, 75.78%, Err 6 (7.9e-006)
124.982 .... 355 packets received, 5878 bps, 73.47%, Err 6 (7.9e-006)
129.020 .... 356 packets received, 5708 bps, 71.35%, Err 6 (7.9e-006)
133.146 .... 357 packets received, 5545 bps, 69.31%, Err 6 (7.8e-006)
137.177 .... 358 packets received, 5395 bps, 67.44%, Err 6 (7.8e-006)
141.240 .... 359 packets received, 5253 bps, 65.67%, Err 6 (7.8e-006)
145.318 .... 360 packets received, 5119 bps, 63.99%, Err 6 (7.8e-006)
149.381 .... 361 packets received, 4992 bps, 62.40%, Err 6 (7.7e-006)
153.530 .... 362 packets received, 4870 bps, 60.87%, Err 6 (7.7e-006)
157.546 .... 363 packets received, 4758 bps, 59.47%, Err 6 (7.7e-006)
161.640 .... 364 packets received, 4649 bps, 58.11%, Err 6 (7.7e-006)
165.796 .... 365 packets received, 4544 bps, 56.80%, Err 6 (7.6e-006)
169.984 .... 366 packets received, 4443 bps, 55.54%, Err 6 (7.6e-006)
174.062 .... 367 packets received, 4350 bps, 54.38%, Err 6 (7.6e-006)
178.125 .... 368 packets received, 4262 bps, 53.27%, Err 6 (7.6e-006)
182.172 .... 369 packets received, 4178 bps, 52.22%, Err 6 (7.5e-006)
186.235 .... 370 packets received, 4097 bps, 51.21%, Err 6 (7.5e-006)
190.345 .... 371 packets received, 4019 bps, 50.24%, Err 6 (7.5e-006)
194.345 .... 372 packets received, 3946 bps, 49.33%, Err 6 (7.5e-006)
198.361 .... 373 packets received, 3876 bps, 48.45%, Err 6 (7.4e-006)
200.533 .... 374 packets received, 3844 bps, 48.05%, Err 6 (7.4e-006)
202.642 .... 382 packets received, 3885 bps, 48.57%, Err 6 (7.3e-006)
204.751 .... 390 packets received, 3926 bps, 49.07%, Err 6 (7.1e-006)
208.830 .... 393 packets received, 3878 bps, 48.48%, Err 7 (8.1e-006)
210.955 .... 401 packets received, 3917 bps, 48.96%, Err 7 (8.0e-006)
213.064 .... 409 packets received, 3955 bps, 49.44%, Err 7 (7.9e-006)
215.176 .... 417 packets received, 3993 bps, 49.91%, Err 7 (7.7e-006)
217.301 .... 425 packets received, 4029 bps, 50.37%, Err 7 (7.6e-006)
219.395 .... 433 packets received, 4066 bps, 50.82%, Err 7 (7.5e-006)
221.505 .... 441 packets received, 4101 bps, 51.27%, Err 7 (7.3e-006)
223.630 .... 449 packets received, 4136 bps, 51.70%, Err 7 (7.2e-006)
225.739 .... 457 packets received, 4170 bps, 52.12%, Err 7 (7.1e-006)
227.864 .... 465 packets received, 4203 bps, 52.54%, Err 7 (7.0e-006)
231.302 .... 472 packets received, 4203 bps, 52.53%, Err 9 (8.7e-006)
233.443 .... 482 packets received, 4252 bps, 53.15%, Err 9 (8.6e-006)
235.568 .... 490 packets received, 4283 bps, 53.54%, Err 9 (8.5e-006)
237.677 .... 498 packets received, 4315 bps, 53.93%, Err 9 (8.3e-006)
239.802 .... 506 packets received, 4345 bps, 54.31%, Err 9 (8.2e-006)
243.600 .... 508 packets received, 4294 bps, 53.67%, Err 10 (9.0e-006)
248.100 .... 516 packets received, 4282 bps, 53.52%, Err 12 (1.1e-005)
250.194 .... 526 packets received, 4328 bps, 54.10%, Err 12 (1.1e-005)
252.319 .... 534 packets received, 4357 bps, 54.46%, Err 12 (1.0e-005)
254.475 .... 542 packets received, 4384 bps, 54.80%, Err 12 (1.0e-005)
256.663 .... 550 packets received, 4411 bps, 55.13%, Err 12 (1.0e-005)
258.772 .... 558 packets received, 4438 bps, 55.48%, Err 12 (9.9e-006)
260.897 .... 566 packets received, 4465 bps, 55.81%, Err 13 (1.1e-005)
264.585 .... 573 packets received, 4457 bps, 55.71%, Err 14 (1.1e-005)
266.616 .... 582 packets received, 4492 bps, 56.15%, Err 14 (1.1e-005)
268.726 .... 590 packets received, 4518 bps, 56.48%, Err 14 (1.1e-005)
270.835 .... 598 packets received, 4544 bps, 56.79%, Err 15 (1.2e-005)
272.960 .... 606 packets received, 4568 bps, 57.10%, Err 15 (1.1e-005)
275.066 .... 614 packets received, 4593 bps, 57.41%, Err 15 (1.1e-005)
277.175 .... 622 packets received, 4617 bps, 57.72%, Err 15 (1.1e-005)
279.300 .... 630 packets received, 4641 bps, 58.01%, Err 15 (1.1e-005)
283.254 .... 638 packets received, 4634 bps, 57.92%, Err 17 (1.2e-005)
285.363 .... 648 packets received, 4672 bps, 58.40%, Err 17 (1.2e-005)
287.488 .... 656 packets received, 4694 bps, 58.68%, Err 17 (1.2e-005)
289.582 .... 664 packets received, 4717 bps, 58.96%, Err 17 (1.2e-005)
293.020 .... 670 packets received, 4703 bps, 58.79%, Err 18 (1.2e-005)
295.176 .... 679 packets received, 4732 bps, 59.15%, Err 18 (1.2e-005)
297.270 .... 687 packets received, 4754 bps, 59.42%, Err 18 (1.2e-005)
299.395 .... 695 packets received, 4775 bps, 59.68%, Err 18 (1.2e-005)
304.489 .... 701 packets received, 4735 bps, 59.19%, Err 18 (1.2e-005)
308.552 .... 702 packets received, 4679 bps, 58.49%, Err 18 (1.2e-005)
312.708 .... 703 packets received, 4623 bps, 57.79%, Err 18 (1.2e-005)
316.724 .... 704 packets received, 4571 bps, 57.13%, Err 18 (1.2e-005)
320.881 .... 705 packets received, 4518 bps, 56.47%, Err 18 (1.2e-005)
324.928 .... 706 packets received, 4468 bps, 55.84%, Err 18 (1.2e-005)
329.053 .... 707 packets received, 4418 bps, 55.22%, Err 18 (1.2e-005)
333.147 .... 708 packets received, 4369 bps, 54.62%, Err 18 (1.2e-005)
337.320 .... 709 packets received, 4321 bps, 54.01%, Err 18 (1.2e-005)
341.367 .... 710 packets received, 4276 bps, 53.45%, Err 18 (1.2e-005)
345.507 .... 711 packets received, 4230 bps, 52.88%, Err 18 (1.2e-005)
349.633 .... 712 packets received, 4186 bps, 52.33%, Err 18 (1.2e-005)
353.820 .... 713 packets received, 4142 bps, 51.78%, Err 18 (1.2e-005)
357.922 .... 714 packets received, 4100 bps, 51.25%, Err 18 (1.2e-005)
362.022 .... 715 packets received, 4059 bps, 50.74%, Err 18 (1.2e-005)
366.138 .... 716 packets received, 4019 bps, 50.24%, Err 18 (1.2e-005)
370.300 .... 717 packets received, 3979 bps, 49.74%, Err 18 (1.2e-005)
374.457 .... 718 packets received, 3940 bps, 49.26%, Err 18 (1.2e-005)
378.535 .... 719 packets received, 3903 bps, 48.79%, Err 18 (1.2e-005)
382.629 .... 720 packets received, 3867 bps, 48.33%, Err 18 (1.1e-005)
387.154 .... 721 packets received, 3827 bps, 47.83%, Err 18 (1.1e-005)
391.467 .... 722 packets received, 3790 bps, 47.37%, Err 18 (1.1e-005)
395.540 .... 723 packets received, 3756 bps, 46.95%, Err 18 (1.1e-005)
399.572 .... 724 packets received, 3723 bps, 46.54%, Err 18 (1.1e-005)
401.608 .... 729 packets received, 3729 bps, 46.62%, Err 18 (1.1e-005)
403.731 .... 737 packets received, 3751 bps, 46.88%, Err 18 (1.1e-005)
405.803 .... 745 packets received, 3772 bps, 47.15%, Err 18 (1.1e-005)
407.925 .... 753 packets received, 3792 bps, 47.41%, Err 18 (1.1e-005)
410.036 .... 761 packets received, 3813 bps, 47.66%, Err 18 (1.1e-005)
412.146 .... 769 packets received, 3833 bps, 47.92%, Err 18 (1.1e-005)
414.283 .... 777 packets received, 3853 bps, 48.16%, Err 19 (1.1e-005)
417.820 .... 778 packets received, 3825 bps, 47.82%, Err 19 (1.1e-005)
420.086 .... 787 packets received, 3849 bps, 48.11%, Err 19 (1.1e-005)
422.180 .... 795 packets received, 3868 bps, 48.35%, Err 19 (1.1e-005)
424.305 .... 803 packets received, 3888 bps, 48.60%, Err 19 (1.1e-005)
426.414 .... 811 packets received, 3907 bps, 48.84%, Err 19 (1.1e-005)
428.524 .... 819 packets received, 3926 bps, 49.07%, Err 19 (1.1e-005)
432.227 .... 826 packets received, 3925 bps, 49.07%, Err 20 (1.1e-005)
434.352 .... 835 packets received, 3949 bps, 49.36%, Err 20 (1.1e-005)
436.441 .... 843 packets received, 3967 bps, 49.59%, Err 20 (1.1e-005)
438.582 .... 851 packets received, 3986 bps, 49.82%, Err 21 (1.1e-005)
440.691 .... 858 packets received, 3999 bps, 49.99%, Err 21 (1.1e-005)
442.879 .... 863 packets received, 4002 bps, 50.03%, Err 21 (1.1e-005)
445.004 .... 871 packets received, 4020 bps, 50.25%, Err 21 (1.1e-005)
447.082 .... 879 packets received, 4038 bps, 50.48%, Err 21 (1.1e-005)
449.192 .... 887 packets received, 4056 bps, 50.70%, Err 21 (1.1e-005)
451.332 .... 895 packets received, 4073 bps, 50.91%, Err 21 (1.1e-005)
453.426 .... 903 packets received, 4090 bps, 51.13%, Err 21 (1.1e-005)
455.536 .... 911 packets received, 4107 bps, 51.34%, Err 21 (1.1e-005)
457.645 .... 919 packets received, 4124 bps, 51.55%, Err 21 (1.1e-005)
459.755 .... 927 packets received, 4141 bps, 51.76%, Err 21 (1.0e-005)
461.882 .... 935 packets received, 4157 bps, 51.97%, Err 21 (1.0e-005)
464.006 .... 943 packets received, 4174 bps, 52.17%, Err 21 (1.0e-005)
467.428 .... 950 packets received, 4174 bps, 52.17%, Err 22 (1.1e-005)
469.553 .... 959 packets received, 4194 bps, 52.43%, Err 22 (1.1e-005)
471.740 .... 967 packets received, 4210 bps, 52.62%, Err 22 (1.0e-005)
473.847 .... 975 packets received, 4226 bps, 52.82%, Err 22 (1.0e-005)
476.472 .... 978 packets received, 4215 bps, 52.69%, Err 23 (1.1e-005)
478.612 .... 988 packets received, 4239 bps, 52.99%, Err 23 (1.1e-005)
480.738 .... 996 packets received, 4254 bps, 53.18%, Err 23 (1.1e-005)
482.831 .... 1004 packets received, 4270 bps, 53.38%, Err 23 (1.1e-005)
484.972 .... 1012 packets received, 4285 bps, 53.56%, Err 23 (1.0e-005)
487.082 .... 1020 packets received, 4300 bps, 53.75%, Err 23 (1.0e-005)
489.191 .... 1028 packets received, 4315 bps, 53.94%, Err 23 (1.0e-005)
491.316 .... 1036 packets received, 4330 bps, 54.12%, Err 23 (1.0e-005)
493.426 .... 1044 packets received, 4345 bps, 54.31%, Err 23 (1.0e-005)
495.519 .... 1052 packets received, 4359 bps, 54.49%, Err 23 (1.0e-005)
497.645 .... 1060 packets received, 4374 bps, 54.67%, Err 24 (1.0e-005)
499.770 .... 1068 packets received, 4388 bps, 54.85%, Err 24 (1.0e-005)
504.536 .... 1072 packets received, 4363 bps, 54.53%, Err 24 (1.0e-005)
508.645 .... 1073 packets received, 4331 bps, 54.14%, Err 24 (1.0e-005)
512.677 .... 1074 packets received, 4301 bps, 53.76%, Err 24 (1.0e-005)
516.775 .... 1075 packets received, 4271 bps, 53.39%, Err 24 (1.0e-005)
520.837 .... 1076 packets received, 4241 bps, 53.02%, Err 24 (1.0e-005)
524.931 .... 1077 packets received, 4212 bps, 52.65%, Err 24 (1.0e-005)
529.025 .... 1078 packets received, 4183 bps, 52.29%, Err 24 (1.0e-005)
533.135 .... 1079 packets received, 4155 bps, 51.94%, Err 24 (1.0e-005)
537.151 .... 1080 packets received, 4128 bps, 51.60%, Err 24 (1.0e-005)
541.291 .... 1081 packets received, 4100 bps, 51.25%, Err 24 (1.0e-005)
545.323 .... 1082 packets received, 4073 bps, 50.91%, Err 24 (1.0e-005)
549.401 .... 1083 packets received, 4047 bps, 50.58%, Err 24 (1.0e-005)
553.495 .... 1084 packets received, 4020 bps, 50.25%, Err 24 (1.0e-005)
557.605 .... 1085 packets received, 3994 bps, 49.93%, Err 24 (1.0e-005)
561.667 .... 1086 packets received, 3969 bps, 49.61%, Err 24 (1.0e-005)
565.777 .... 1087 packets received, 3944 bps, 49.30%, Err 24 (1.0e-005)
569.808 .... 1088 packets received, 3919 bps, 48.99%, Err 24 (1.0e-005)
573.827 .... 1089 packets received, 3895 bps, 48.69%, Err 24 (1.0e-005)
577.968 .... 1090 packets received, 3871 bps, 48.39%, Err 24 (1.0e-005)
582.124 .... 1091 packets received, 3847 bps, 48.09%, Err 24 (1.0e-005)
586.312 .... 1092 packets received, 3823 bps, 47.78%, Err 24 (1.0e-005)
590.328 .... 1093 packets received, 3800 bps, 47.50%, Err 24 (1.0e-005)
594.468 .... 1094 packets received, 3777 bps, 47.21%, Err 24 (1.0e-005)
598.547 .... 1095 packets received, 3755 bps, 46.93%, Err 24 (1.0e-005)
600.781 .... 1097 packets received, 3748 bps, 46.84%, Err 24 (1.0e-005)
602.891 .... 1105 packets received, 3762 bps, 47.02%, Err 24 (1.0e-005)
607.000 .... 1108 packets received, 3746 bps, 46.83%, Err 25 (1.0e-005)
609.063 .... 1116 packets received, 3761 bps, 47.01%, Err 25 (1.0e-005)
611.172 .... 1124 packets received, 3774 bps, 47.18%, Err 25 (1.0e-005)
613.297 .... 1132 packets received, 3788 bps, 47.35%, Err 25 (1.0e-005)
615.391 .... 1140 packets received, 3802 bps, 47.52%, Err 25 (1.0e-005)
617.501 .... 1148 packets received, 3815 bps, 47.69%, Err 25 (1.0e-005)
619.610 .... 1156 packets received, 3829 bps, 47.86%, Err 25 (9.9e-006)
621.735 .... 1164 packets received, 3842 bps, 48.03%, Err 25 (9.9e-006)
623.845 .... 1172 packets received, 3855 bps, 48.19%, Err 25 (9.8e-006)
625.954 .... 1180 packets received, 3869 bps, 48.36%, Err 25 (9.8e-006)
628.079 .... 1188 packets received, 3882 bps, 48.52%, Err 25 (9.7e-006)
630.205 .... 1196 packets received, 3895 bps, 48.68%, Err 25 (9.6e-006)
632.298 .... 1204 packets received, 3908 bps, 48.85%, Err 25 (9.6e-006)
634.453 .... 1212 packets received, 3920 bps, 49.00%, Err 25 (9.5e-006)
636.563 .... 1220 packets received, 3933 bps, 49.16%, Err 26 (9.8e-006)
638.688 .... 1228 packets received, 3946 bps, 49.32%, Err 26 (9.8e-006)
640.782 .... 1236 packets received, 3958 bps, 49.48%, Err 26 (9.7e-006)
646.173 .... 1244 packets received, 3951 bps, 49.38%, Err 28 (1.0e-005)
648.423 .... 1253 packets received, 3965 bps, 49.57%, Err 28 (1.0e-005)
650.532 .... 1261 packets received, 3978 bps, 49.72%, Err 28 (1.0e-005)
652.642 .... 1269 packets received, 3990 bps, 49.88%, Err 28 (1.0e-005)
654.767 .... 1277 packets received, 4002 bps, 50.03%, Err 28 (1.0e-005)
656.876 .... 1285 packets received, 4014 bps, 50.18%, Err 28 (1.0e-005)
658.986 .... 1293 packets received, 4026 bps, 50.33%, Err 28 (1.0e-005)
661.095 .... 1301 packets received, 4038 bps, 50.48%, Err 28 (9.9e-006)
663.220 .... 1309 packets received, 4050 bps, 50.63%, Err 28 (9.9e-006)
665.330 .... 1317 packets received, 4062 bps, 50.77%, Err 28 (9.8e-006)
667.439 .... 1325 packets received, 4074 bps, 50.92%, Err 28 (9.7e-006)
671.518 .... 1328 packets received, 4058 bps, 50.72%, Err 29 (1.0e-005)
673.533 .... 1337 packets received, 4073 bps, 50.91%, Err 29 (1.0e-005)
678.924 .... 1345 packets received, 4065 bps, 50.81%, Err 30 (1.0e-005)
681.159 .... 1354 packets received, 4079 bps, 50.98%, Err 30 (1.0e-005)
683.284 .... 1362 packets received, 4090 bps, 51.13%, Err 30 (1.0e-005)
685.409 .... 1370 packets received, 4101 bps, 51.27%, Err 30 (1.0e-005)
687.503 .... 1378 packets received, 4113 bps, 51.41%, Err 30 (1.0e-005)
689.643 .... 1386 packets received, 4124 bps, 51.55%, Err 30 (1.0e-005)
691.753 .... 1394 packets received, 4135 bps, 51.68%, Err 30 (9.9e-006)
693.842 .... 1402 packets received, 4146 bps, 51.82%, Err 30 (9.9e-006)
695.952 .... 1410 packets received, 4157 bps, 51.96%, Err 30 (9.8e-006)
698.077 .... 1418 packets received, 4168 bps, 52.10%, Err 30 (9.8e-006)
703.468 .... 1426 packets received, 4159 bps, 51.99%, Err 31 (1.0e-005)
708.671 .... 1430 packets received, 4140 bps, 51.75%, Err 31 (1.0e-005)
712.765 .... 1431 packets received, 4119 bps, 51.49%, Err 31 (1.0e-005)
716.906 .... 1432 packets received, 4098 bps, 51.23%, Err 31 (1.0e-005)
721.078 .... 1433 packets received, 4077 bps, 50.97%, Err 31 (1.0e-005)
725.235 .... 1434 packets received, 4057 bps, 50.71%, Err 31 (1.0e-005)
729.344 .... 1435 packets received, 4037 bps, 50.46%, Err 31 (1.0e-005)
733.516 .... 1436 packets received, 4016 bps, 50.21%, Err 31 (1.0e-005)
737.595 .... 1437 packets received, 3997 bps, 49.96%, Err 31 (9.9e-006)
741.688 .... 1438 packets received, 3978 bps, 49.72%, Err 31 (9.9e-006)
745.845 .... 1439 packets received, 3958 bps, 49.48%, Err 31 (9.9e-006)
749.908 .... 1440 packets received, 3939 bps, 49.24%, Err 31 (9.9e-006)
754.034 .... 1441 packets received, 3921 bps, 49.01%, Err 31 (9.9e-006)
758.159 .... 1442 packets received, 3902 bps, 48.77%, Err 31 (9.9e-006)
762.253 .... 1443 packets received, 3884 bps, 48.54%, Err 31 (9.9e-006)
766.409 .... 1444 packets received, 3865 bps, 48.31%, Err 31 (9.9e-006)
770.503 .... 1445 packets received, 3847 bps, 48.09%, Err 31 (9.9e-006)
774.722 .... 1446 packets received, 3829 bps, 47.86%, Err 31 (9.9e-006)
778.816 .... 1447 packets received, 3811 bps, 47.64%, Err 31 (9.9e-006)
782.895 .... 1448 packets received, 3794 bps, 47.43%, Err 31 (9.9e-006)
787.082 .... 1449 packets received, 3777 bps, 47.21%, Err 31 (9.9e-006)
791.145 .... 1450 packets received, 3760 bps, 47.00%, Err 31 (9.8e-006)
795.301 .... 1451 packets received, 3743 bps, 46.78%, Err 31 (9.8e-006)
799.380 .... 1452 packets received, 3726 bps, 46.58%, Err 31 (9.8e-006)
801.583 .... 1457 packets received, 3729 bps, 46.61%, Err 31 (9.8e-006)
805.021 .... 1464 packets received, 3730 bps, 46.63%, Err 32 (1.0e-005)
807.161 .... 1474 packets received, 3746 bps, 46.82%, Err 32 (1.0e-005)
809.271 .... 1482 packets received, 3756 bps, 46.96%, Err 32 (9.9e-006)
811.380 .... 1490 packets received, 3767 bps, 47.09%, Err 32 (9.9e-006)
815.735 .... 1494 packets received, 3757 bps, 46.96%, Err 33 (1.0e-005)
817.985 .... 1504 packets received, 3772 bps, 47.14%, Err 33 (1.0e-005)
820.111 .... 1512 packets received, 3782 bps, 47.27%, Err 33 (1.0e-005)
822.220 .... 1520 packets received, 3792 bps, 47.40%, Err 33 (1.0e-005)
824.361 .... 1528 packets received, 3802 bps, 47.53%, Err 35 (1.1e-005)
826.470 .... 1536 packets received, 3812 bps, 47.65%, Err 35 (1.0e-005)
828.580 .... 1544 packets received, 3822 bps, 47.78%, Err 35 (1.0e-005)
830.720 .... 1552 packets received, 3832 bps, 47.90%, Err 35 (1.0e-005)
832.830 .... 1560 packets received, 3842 bps, 48.03%, Err 35 (1.0e-005)
836.018 .... 1566 packets received, 3842 bps, 48.03%, Err 36 (1.1e-005)
838.127 .... 1576 packets received, 3857 bps, 48.21%, Err 36 (1.1e-005)
840.236 .... 1584 packets received, 3867 bps, 48.33%, Err 36 (1.0e-005)
842.362 .... 1592 packets received, 3876 bps, 48.46%, Err 36 (1.0e-005)
844.471 .... 1600 packets received, 3886 bps, 48.58%, Err 36 (1.0e-005)
846.581 .... 1608 packets received, 3896 bps, 48.70%, Err 36 (1.0e-005)
848.956 .... 1611 packets received, 3892 bps, 48.65%, Err 37 (1.1e-005)
851.112 .... 1621 packets received, 3906 bps, 48.83%, Err 37 (1.1e-005)
853.753 .... 1625 packets received, 3904 bps, 48.80%, Err 38 (1.1e-005)
855.987 .... 1635 packets received, 3918 bps, 48.97%, Err 38 (1.1e-005)
858.112 .... 1643 packets received, 3927 bps, 49.09%, Err 38 (1.1e-005)
862.206 .... 1646 packets received, 3916 bps, 48.94%, Err 39 (1.1e-005)
864.285 .... 1655 packets received, 3928 bps, 49.09%, Err 39 (1.1e-005)
866.410 .... 1663 packets received, 3937 bps, 49.21%, Err 40 (1.1e-005)
868.503 .... 1671 packets received, 3946 bps, 49.33%, Err 40 (1.1e-005)
870.894 .... 1673 packets received, 3940 bps, 49.25%, Err 41 (1.1e-005)
873.035 .... 1683 packets received, 3954 bps, 49.42%, Err 41 (1.1e-005)
876.851 .... 1685 packets received, 3941 bps, 49.27%, Err 42 (1.1e-005)
879.117 .... 1694 packets received, 3952 bps, 49.40%, Err 42 (1.1e-005)
881.226 .... 1702 packets received, 3961 bps, 49.52%, Err 42 (1.1e-005)
883.336 .... 1710 packets received, 3970 bps, 49.63%, Err 42 (1.1e-005)
885.461 .... 1718 packets received, 3979 bps, 49.74%, Err 42 (1.1e-005)
888.102 .... 1722 packets received, 3977 bps, 49.71%, Err 43 (1.1e-005)
890.336 .... 1732 packets received, 3990 bps, 49.87%, Err 43 (1.1e-005)
892.446 .... 1740 packets received, 3999 bps, 49.98%, Err 43 (1.1e-005)
894.555 .... 1748 packets received, 4008 bps, 50.10%, Err 43 (1.1e-005)
896.680 .... 1756 packets received, 4016 bps, 50.21%, Err 43 (1.1e-005)
898.790 .... 1764 packets received, 4025 bps, 50.32%, Err 43 (1.1e-005)
904.415 .... 1772 packets received, 4018 bps, 50.23%, Err 43 (1.1e-005)
908.587 .... 1773 packets received, 4002 bps, 50.03%, Err 43 (1.1e-005)
912.618 .... 1774 packets received, 3987 bps, 49.83%, Err 43 (1.1e-005)
916.650 .... 1775 packets received, 3971 bps, 49.64%, Err 43 (1.1e-005)
920.791 .... 1776 packets received, 3956 bps, 49.45%, Err 43 (1.1e-005)
924.838 .... 1777 packets received, 3941 bps, 49.26%, Err 43 (1.1e-005)
928.994 .... 1778 packets received, 3925 bps, 49.06%, Err 43 (1.1e-005)
933.104 .... 1779 packets received, 3910 bps, 48.87%, Err 43 (1.1e-005)
937.222 .... 1780 packets received, 3895 bps, 48.69%, Err 43 (1.1e-005)
941.394 .... 1781 packets received, 3880 bps, 48.50%, Err 43 (1.1e-005)
945.472 .... 1782 packets received, 3865 bps, 48.32%, Err 43 (1.1e-005)
949.613 .... 1783 packets received, 3851 bps, 48.13%, Err 43 (1.1e-005)
953.848 .... 1784 packets received, 3836 bps, 47.94%, Err 43 (1.1e-005)
957.863 .... 1785 packets received, 3822 bps, 47.77%, Err 43 (1.1e-005)
961.942 .... 1786 packets received, 3808 bps, 47.59%, Err 43 (1.1e-005)
966.083 .... 1787 packets received, 3793 bps, 47.42%, Err 43 (1.1e-005)
970.239 .... 1788 packets received, 3779 bps, 47.24%, Err 43 (1.1e-005)
974.286 .... 1789 packets received, 3766 bps, 47.07%, Err 43 (1.1e-005)
978.411 .... 1790 packets received, 3752 bps, 46.90%, Err 43 (1.1e-005)
982.443 .... 1791 packets received, 3738 bps, 46.73%, Err 43 (1.1e-005)
986.552 .... 1792 packets received, 3725 bps, 46.56%, Err 43 (1.1e-005)
990.646 .... 1793 packets received, 3712 bps, 46.39%, Err 43 (1.1e-005)
994.773 .... 1794 packets received, 3698 bps, 46.23%, Err 43 (1.1e-005)
998.852 .... 1795 packets received, 3685 bps, 46.06%, Err 43 (1.1e-005)
1001.055 .... 1798 packets received, 3683 bps, 46.04%, Err 43 (1.1e-005)
1003.180 .... 1806 packets received, 3692 bps, 46.15%, Err 43 (1.1e-005)
1005.274 .... 1814 packets received, 3700 bps, 46.25%, Err 43 (1.1e-005)
1007.415 .... 1822 packets received, 3709 bps, 46.36%, Err 43 (1.1e-005)
1009.509 .... 1830 packets received, 3717 bps, 46.47%, Err 43 (1.1e-005)
1013.462 .... 1838 packets received, 3719 bps, 46.49%, Err 44 (1.1e-005)
1015.618 .... 1847 packets received, 3729 bps, 46.62%, Err 44 (1.1e-005)
1017.743 .... 1855 packets received, 3738 bps, 46.72%, Err 44 (1.1e-005)
1020.900 .... 1860 packets received, 3736 bps, 46.70%, Err 45 (1.1e-005)
1023.009 .... 1870 packets received, 3748 bps, 46.85%, Err 45 (1.1e-005)
1025.650 .... 1874 packets received, 3747 bps, 46.83%, Err 46 (1.1e-005)
1027.853 .... 1884 packets received, 3759 bps, 46.98%, Err 46 (1.1e-005)
1029.978 .... 1892 packets received, 3767 bps, 47.08%, Err 46 (1.1e-005)
1032.150 .... 1900 packets received, 3775 bps, 47.18%, Err 46 (1.1e-005)
1034.525 .... 1902 packets received, 3770 bps, 47.12%, Err 47 (1.1e-005)
1036.572 .... 1911 packets received, 3780 bps, 47.25%, Err 47 (1.1e-005)
1038.682 .... 1919 packets received, 3788 bps, 47.36%, Err 47 (1.1e-005)
1040.791 .... 1927 packets received, 3797 bps, 47.46%, Err 47 (1.1e-005)
1042.916 .... 1935 packets received, 3805 bps, 47.56%, Err 47 (1.1e-005)
1045.026 .... 1943 packets received, 3813 bps, 47.66%, Err 47 (1.1e-005)
1047.667 .... 1947 packets received, 3811 bps, 47.63%, Err 48 (1.1e-005)
1049.807 .... 1957 packets received, 3822 bps, 47.78%, Err 48 (1.1e-005)
1051.917 .... 1965 packets received, 3830 bps, 47.88%, Err 48 (1.1e-005)
1054.038 .... 1973 packets received, 3838 bps, 47.98%, Err 48 (1.1e-005)
1056.163 .... 1981 packets received, 3846 bps, 48.08%, Err 48 (1.1e-005)
1058.257 .... 1989 packets received, 3854 bps, 48.17%, Err 48 (1.1e-005)
1060.367 .... 1997 packets received, 3862 bps, 48.27%, Err 48 (1.1e-005)
1062.492 .... 2005 packets received, 3869 bps, 48.37%, Err 48 (1.1e-005)
1064.617 .... 2013 packets received, 3877 bps, 48.46%, Err 48 (1.1e-005)
1066.711 .... 2021 packets received, 3885 bps, 48.56%, Err 48 (1.1e-005)
1068.820 .... 2029 packets received, 3893 bps, 48.66%, Err 48 (1.1e-005)
1070.930 .... 2037 packets received, 3900 bps, 48.75%, Err 48 (1.1e-005)
1073.039 .... 2045 packets received, 3908 bps, 48.85%, Err 49 (1.1e-005)
1075.164 .... 2052 packets received, 3913 bps, 48.92%, Err 49 (1.1e-005)
1077.305 .... 2057 packets received, 3915 bps, 48.94%, Err 49 (1.1e-005)
1079.414 .... 2065 packets received, 3923 bps, 49.03%, Err 49 (1.1e-005)
1082.336 .... 2069 packets received, 3920 bps, 49.00%, Err 50 (1.1e-005)
1084.462 .... 2080 packets received, 3933 bps, 49.16%, Err 50 (1.1e-005)
1086.587 .... 2088 packets received, 3940 bps, 49.25%, Err 50 (1.1e-005)
1088.681 .... 2096 packets received, 3948 bps, 49.35%, Err 50 (1.1e-005)
1092.399 .... 2103 packets received, 3947 bps, 49.34%, Err 51 (1.1e-005)
1094.540 .... 2113 packets received, 3958 bps, 49.48%, Err 51 (1.1e-005)
1096.634 .... 2121 packets received, 3966 bps, 49.57%, Err 51 (1.1e-005)
1098.744 .... 2129 packets received, 3973 bps, 49.66%, Err 51 (1.1e-005)
1100.869 .... 2137 packets received, 3980 bps, 49.75%, Err 51 (1.1e-005)
1104.556 .... 2138 packets received, 3969 bps, 49.61%, Err 51 (1.1e-005)
1108.775 .... 2139 packets received, 3956 bps, 49.44%, Err 51 (1.1e-005)
1112.854 .... 2140 packets received, 3943 bps, 49.29%, Err 51 (1.1e-005)
1117.044 .... 2141 packets received, 3930 bps, 49.12%, Err 51 (1.1e-005)
1121.185 .... 2142 packets received, 3917 bps, 48.96%, Err 51 (1.1e-005)
1125.279 .... 2143 packets received, 3905 bps, 48.81%, Err 51 (1.1e-005)
1129.373 .... 2144 packets received, 3892 bps, 48.65%, Err 51 (1.1e-005)
1133.467 .... 2145 packets received, 3880 bps, 48.50%, Err 51 (1.1e-005)
1137.623 .... 2146 packets received, 3868 bps, 48.35%, Err 51 (1.1e-005)
1141.702 .... 2147 packets received, 3856 bps, 48.20%, Err 51 (1.1e-005)
1145.811 .... 2148 packets received, 3844 bps, 48.05%, Err 51 (1.1e-005)
1149.921 .... 2149 packets received, 3832 bps, 47.90%, Err 51 (1.1e-005)
1154.109 .... 2150 packets received, 3820 bps, 47.74%, Err 51 (1.1e-005)
1158.281 .... 2151 packets received, 3807 bps, 47.59%, Err 51 (1.1e-005)
1162.359 .... 2152 packets received, 3796 bps, 47.45%, Err 51 (1.1e-005)
1166.437 .... 2153 packets received, 3784 bps, 47.30%, Err 51 (1.1e-005)
1170.531 .... 2154 packets received, 3773 bps, 47.16%, Err 51 (1.1e-005)
1174.675 .... 2155 packets received, 3761 bps, 47.02%, Err 51 (1.1e-005)
1178.738 .... 2156 packets received, 3750 bps, 46.88%, Err 51 (1.1e-005)
1182.816 .... 2157 packets received, 3739 bps, 46.74%, Err 51 (1.1e-005)
1186.863 .... 2158 packets received, 3728 bps, 46.60%, Err 51 (1.1e-005)
1190.910 .... 2159 packets received, 3717 bps, 46.46%, Err 51 (1.1e-005)
1195.817 .... 2160 packets received, 3703 bps, 46.29%, Err 52 (1.1e-005)
1199.161 .... 2161 packets received, 3695 bps, 46.18%, Err 52 (1.1e-005)
1201.317 .... 2165 packets received, 3695 bps, 46.19%, Err 52 (1.1e-005)
1203.426 .... 2173 packets received, 3702 bps, 46.27%, Err 53 (1.1e-005)
1205.536 .... 2180 packets received, 3707 bps, 46.34%, Err 53 (1.1e-005)
1207.552 .... 2183 packets received, 3706 bps, 46.33%, Err 53 (1.1e-005)
1209.661 .... 2191 packets received, 3713 bps, 46.42%, Err 53 (1.1e-005)
1211.771 .... 2199 packets received, 3720 bps, 46.51%, Err 53 (1.1e-005)
1213.896 .... 2207 packets received, 3727 bps, 46.59%, Err 53 (1.1e-005)
1216.021 .... 2215 packets received, 3734 bps, 46.68%, Err 53 (1.1e-005)
1218.224 .... 2223 packets received, 3741 bps, 46.76%, Err 53 (1.1e-005)
1220.334 .... 2231 packets received, 3748 bps, 46.85%, Err 53 (1.1e-005)
1222.443 .... 2239 packets received, 3755 bps, 46.94%, Err 53 (1.1e-005)
1224.568 .... 2247 packets received, 3762 bps, 47.02%, Err 53 (1.1e-005)
1226.693 .... 2255 packets received, 3769 bps, 47.11%, Err 53 (1.1e-005)
1229.834 .... 2261 packets received, 3769 bps, 47.11%, Err 54 (1.1e-005)
1231.959 .... 2271 packets received, 3779 bps, 47.24%, Err 54 (1.1e-005)
1234.067 .... 2279 packets received, 3786 bps, 47.33%, Err 54 (1.1e-005)
1236.196 .... 2287 packets received, 3793 bps, 47.41%, Err 54 (1.1e-005)
1238.325 .... 2295 packets received, 3800 bps, 47.49%, Err 54 (1.1e-005)
1240.428 .... 2303 packets received, 3806 bps, 47.58%, Err 54 (1.1e-005)
1242.522 .... 2311 packets received, 3813 bps, 47.66%, Err 54 (1.1e-005)
1245.986 .... 2317 packets received, 3812 bps, 47.65%, Err 55 (1.1e-005)
1248.081 .... 2327 packets received, 3822 bps, 47.78%, Err 55 (1.1e-005)
1250.198 .... 2335 packets received, 3829 bps, 47.86%, Err 55 (1.1e-005)
1252.307 .... 2343 packets received, 3836 bps, 47.95%, Err 55 (1.1e-005)
1254.429 .... 2351 packets received, 3842 bps, 48.03%, Err 55 (1.1e-005)
1256.536 .... 2359 packets received, 3849 bps, 48.11%, Err 55 (1.1e-005)
1258.655 .... 2367 packets received, 3855 bps, 48.19%, Err 55 (1.1e-005)
1260.777 .... 2375 packets received, 3862 bps, 48.27%, Err 55 (1.1e-005)
1262.876 .... 2383 packets received, 3868 bps, 48.36%, Err 55 (1.1e-005)
1264.970 .... 2391 packets received, 3875 bps, 48.44%, Err 55 (1.1e-005)
1267.101 .... 2399 packets received, 3881 bps, 48.52%, Err 55 (1.1e-005)
1269.202 .... 2407 packets received, 3888 bps, 48.60%, Err 55 (1.1e-005)
1271.325 .... 2415 packets received, 3894 bps, 48.68%, Err 55 (1.0e-005)
