C:\Users\Ice\Documents\Visual Studio 2013\Projects\network\Release\network.exe af -ber 1e-4 
=========================================================================
                          Station A                                 
-------------------------------------------------------------------------
Protocol.lib, version 3.0, Build: Oct 19 2009 (jiangy@public3.bta.net.cn)
Channel: 8000 bps, 270 ms propagation delay, bit error rate 1.0E-004
Log file "C:\Users\Ice\Documents\Visual Studio 2013\Projects\network\Release\network-A.log", TCP port 59144, debug mask 0x00
Station A is waiting for station B on TCP port 59144 ... Done.
New epoch: Fri May 13 16:29:01 2016
=========================================================================
2.931 .... 2 packets received, 1555 bps, 19.44%, Err 4 (1.7e-004)
5.057 .... 8 packets received, 3442 bps, 43.03%, Err 4 (9.9e-005)
9.848 .... 22 packets received, 4717 bps, 58.97%, Err 7 (8.9e-005)
13.546 .... 36 packets received, 5565 bps, 69.56%, Err 9 (8.3e-005)
15.667 .... 42 packets received, 5596 bps, 69.95%, Err 14 (1.1e-004)
20.180 .... 47 packets received, 4841 bps, 60.51%, Err 19 (1.2e-004)
23.361 .... 64 packets received, 5683 bps, 71.04%, Err 21 (1.1e-004)
26.563 .... 73 packets received, 5692 bps, 71.15%, Err 23 (1.1e-004)
28.667 .... 89 packets received, 6425 bps, 80.31%, Err 24 (1.0e-004)
30.764 .... 97 packets received, 6520 bps, 81.50%, Err 24 (9.8e-005)
32.890 .... 105 packets received, 6598 bps, 82.47%, Err 24 (9.1e-005)
36.617 .... 108 packets received, 6090 bps, 76.12%, Err 29 (9.9e-005)
38.718 .... 116 packets received, 6183 bps, 77.29%, Err 30 (9.7e-005)
42.721 .... 127 packets received, 6131 bps, 76.64%, Err 33 (9.7e-005)
48.030 .... 136 packets received, 5835 bps, 72.94%, Err 36 (9.4e-005)
51.746 .... 156 packets received, 6210 bps, 77.62%, Err 42 (1.0e-004)
54.654 .... 157 packets received, 5915 bps, 73.94%, Err 45 (1.0e-004)
61.271 .... 170 packets received, 5710 bps, 71.37%, Err 49 (1.0e-004)
63.405 .... 201 packets received, 6523 bps, 81.54%, Err 50 (9.9e-005)
67.106 .... 204 packets received, 6254 bps, 78.17%, Err 51 (9.5e-005)
71.085 .... 218 packets received, 6307 bps, 78.84%, Err 52 (9.1e-005)
73.195 .... 236 packets received, 6630 bps, 82.88%, Err 52 (8.9e-005)
77.181 .... 240 packets received, 6393 bps, 79.91%, Err 55 (8.9e-005)
79.334 .... 248 packets received, 6426 bps, 80.33%, Err 56 (8.8e-005)
81.722 .... 256 packets received, 6439 bps, 80.49%, Err 59 (9.0e-005)
84.112 .... 263 packets received, 6426 bps, 80.33%, Err 61 (9.1e-005)
86.491 .... 270 packets received, 6415 bps, 80.19%, Err 65 (9.4e-005)
89.935 .... 279 packets received, 6374 bps, 79.68%, Err 69 (9.6e-005)
95.240 .... 288 packets received, 6212 bps, 77.66%, Err 78 (1.0e-004)
98.959 .... 289 packets received, 5999 bps, 74.99%, Err 81 (1.0e-004)
101.091 .... 309 packets received, 6278 bps, 78.48%, Err 84 (1.0e-004)
104.262 .... 318 packets received, 6264 bps, 78.30%, Err 87 (1.0e-004)
108.258 .... 329 packets received, 6241 bps, 78.01%, Err 92 (1.1e-004)
112.731 .... 333 packets received, 6066 bps, 75.82%, Err 102 (1.1e-004)
116.456 .... 345 packets received, 6083 bps, 76.03%, Err 108 (1.2e-004)
118.832 .... 356 packets received, 6151 bps, 76.89%, Err 109 (1.1e-004)
122.285 .... 358 packets received, 6010 bps, 75.13%, Err 112 (1.1e-004)
126.534 .... 379 packets received, 6149 bps, 76.86%, Err 113 (1.1e-004)
128.629 .... 395 packets received, 6304 bps, 78.80%, Err 113 (1.1e-004)
129.527 TCP Disconnected.
