C:\Users\Ice\Documents\Visual Studio 2013\Projects\network\Release\network.exe bf -ber 1e-4 
=========================================================================
                          Station B                                 
-------------------------------------------------------------------------
Protocol.lib, version 3.0, Build: Oct 19 2009 (jiangy@public3.bta.net.cn)
Channel: 8000 bps, 270 ms propagation delay, bit error rate 1.0E-004
Log file "C:\Users\Ice\Documents\Visual Studio 2013\Projects\network\Release\network-B.log", TCP port 59144, debug mask 0x00
Station B is connecting station A (TCP port 59144) ... Failed!
Station B is connecting station A (TCP port 59144) ... Failed!
Station B is connecting station A (TCP port 59144) ... Failed!
Station B is connecting station A (TCP port 59144) ... Done.
New epoch: Fri May 13 16:29:01 2016
=========================================================================
4.012 .... 5 packets received, 2746 bps, 34.33%, Err 2 (6.3e-005)
8.231 .... 17 packets received, 4380 bps, 54.76%, Err 6 (9.1e-005)
10.347 .... 26 packets received, 5291 bps, 66.14%, Err 7 (8.5e-005)
16.195 .... 35 packets received, 4505 bps, 56.31%, Err 11 (8.5e-005)
25.508 .... 48 packets received, 3897 bps, 48.71%, Err 20 (9.9e-005)
27.619 .... 79 packets received, 5919 bps, 73.98%, Err 20 (9.7e-005)
35.006 .... 87 packets received, 5131 bps, 64.14%, Err 28 (1.1e-004)
39.006 .... 108 packets received, 5712 bps, 71.40%, Err 30 (1.0e-004)
41.362 .... 117 packets received, 5833 bps, 72.91%, Err 32 (1.0e-004)
43.752 .... 125 packets received, 5889 bps, 73.62%, Err 34 (1.0e-004)
46.943 .... 133 packets received, 5838 bps, 72.97%, Err 38 (1.1e-004)
49.574 .... 142 packets received, 5900 bps, 73.75%, Err 39 (1.0e-004)
52.771 .... 149 packets received, 5814 bps, 72.67%, Err 42 (1.0e-004)
55.175 .... 158 packets received, 5895 bps, 73.69%, Err 43 (1.0e-004)
59.132 .... 161 packets received, 5603 bps, 70.04%, Err 46 (1.0e-004)
61.263 .... 177 packets received, 5945 bps, 74.31%, Err 48 (1.0e-004)
65.757 .... 182 packets received, 5693 bps, 71.16%, Err 49 (9.6e-005)
68.918 .... 203 packets received, 6057 bps, 75.72%, Err 52 (9.7e-005)
72.099 .... 204 packets received, 5818 bps, 72.72%, Err 56 (1.0e-004)
77.403 .... 221 packets received, 5869 bps, 73.36%, Err 63 (1.0e-004)
81.354 .... 232 packets received, 5861 bps, 73.26%, Err 66 (1.0e-004)
83.497 .... 245 packets received, 6030 bps, 75.37%, Err 67 (1.0e-004)
88.019 .... 249 packets received, 5812 bps, 72.65%, Err 71 (1.0e-004)
90.143 .... 266 packets received, 6062 bps, 75.78%, Err 74 (1.0e-004)
92.272 .... 272 packets received, 6056 bps, 75.70%, Err 75 (1.0e-004)
96.540 .... 282 packets received, 6000 bps, 75.00%, Err 79 (1.0e-004)
104.262 .... 299 packets received, 5889 bps, 73.61%, Err 85 (1.0e-004)
109.043 .... 322 packets received, 6063 bps, 75.79%, Err 86 (1.0e-004)
111.156 .... 339 packets received, 6262 bps, 78.27%, Err 86 (9.8e-005)
114.632 .... 341 packets received, 6107 bps, 76.34%, Err 92 (1.0e-004)
120.733 .... 342 packets received, 5815 bps, 72.69%, Err 97 (1.0e-004)
123.880 .... 368 packets received, 6098 bps, 76.22%, Err 101 (1.0e-004)
126.522 .... 376 packets received, 6100 bps, 76.25%, Err 101 (1.0e-004)
128.613 .... 392 packets received, 6256 bps, 78.20%, Err 101 (1.0e-004)
