生成启动时间为 4/23/2016 18:29:40。
     1>项目“C:\Users\Ice\documents\visual studio 2013\Projects\network\network\network.vcxproj”在节点 2 上(Build 个目标)。
     1>ClCompile:
         D:\Program Files (x86)\Microsoft Visual Studio 12.0\VC\bin\x86_amd64\CL.exe /c /Zi /nologo /W1 /WX- /O2 /Gm- /EHsc /MD /GS /fp:precise /Zc:wchar_t /Zc:forScope /Fo"x64\Debug\\" /Fd"x64\Debug\vc120.pdb" /Gd /TP /errorReport:prompt selective.cpp
         selective.cpp
       Link:
         D:\Program Files (x86)\Microsoft Visual Studio 12.0\VC\bin\x86_amd64\link.exe /ERRORREPORT:PROMPT /OUT:"C:\Users\Ice\documents\visual studio 2013\Projects\network\x64\Debug\network.exe" /NOLOGO kernel32.lib user32.lib gdi32.lib winspool.lib comdlg32.lib advapi32.lib shell32.lib ole32.lib oleaut32.lib uuid.lib odbc32.lib odbccp32.lib /MANIFEST /MANIFESTUAC:"level='asInvoker' uiAccess='false'" /manifest:embed /PDB:"C:\Users\Ice\documents\visual studio 2013\Projects\network\x64\Debug\network.pdb" /TLBID:1 /DYNAMICBASE /NXCOMPAT /IMPLIB:"C:\Users\Ice\documents\visual studio 2013\Projects\network\x64\Debug\network.lib" /MACHINE:X64 x64\Debug\selective.obj
         Protocol.lib
     1>selective.obj : error LNK2019: 无法解析的外部符号 protocol_init，该符号在函数 main 中被引用
     1>selective.obj : error LNK2019: 无法解析的外部符号 wait_for_event，该符号在函数 main 中被引用
     1>selective.obj : error LNK2019: 无法解析的外部符号 enable_network_layer，该符号在函数 main 中被引用
     1>selective.obj : error LNK2019: 无法解析的外部符号 disable_network_layer，该符号在函数 main 中被引用
     1>selective.obj : error LNK2019: 无法解析的外部符号 get_packet，该符号在函数 main 中被引用
     1>selective.obj : error LNK2019: 无法解析的外部符号 recv_frame，该符号在函数 main 中被引用
     1>selective.obj : error LNK2019: 无法解析的外部符号 send_frame，该符号在函数 "void __cdecl mySendFrame(unsigned char *,int)" (?mySendFrame@@YAXPEAEH@Z) 中被引用
     1>selective.obj : error LNK2019: 无法解析的外部符号 phl_sq_len，该符号在函数 "void __cdecl mySendFrame(unsigned char *,int)" (?mySendFrame@@YAXPEAEH@Z) 中被引用
     1>selective.obj : error LNK2019: 无法解析的外部符号 crc32，该符号在函数 "void __cdecl mySendFrame(unsigned char *,int)" (?mySendFrame@@YAXPEAEH@Z) 中被引用
     1>selective.obj : error LNK2019: 无法解析的外部符号 start_timer，该符号在函数 "void __cdecl mySendFrame(unsigned char *,int)" (?mySendFrame@@YAXPEAEH@Z) 中被引用
     1>selective.obj : error LNK2019: 无法解析的外部符号 stop_timer，该符号在函数 main 中被引用
     1>selective.obj : error LNK2019: 无法解析的外部符号 start_ack_timer，该符号在函数 "void __cdecl mySendFrame(unsigned char *,int)" (?mySendFrame@@YAXPEAEH@Z) 中被引用
     1>selective.obj : error LNK2019: 无法解析的外部符号 stop_ack_timer，该符号在函数 "void __cdecl mySendFrame(unsigned char *,int)" (?mySendFrame@@YAXPEAEH@Z) 中被引用
     1>C:\Users\Ice\documents\visual studio 2013\Projects\network\x64\Debug\network.exe : fatal error LNK1120: 13 个无法解析的外部命令
     1>已完成生成项目“C:\Users\Ice\documents\visual studio 2013\Projects\network\network\network.vcxproj”(Build 个目标)的操作 - 失败。

生成失败。

已用时间 00:00:01.18
